<?xml version="1.0" encoding="UTF-8"?>
<!-- Generated by org.testng.reporters.JUnitXMLReporter -->
<testsuite ignored="0" hostname="EPBYMINW7572" failures="263" tests="263" name="General" time="0.28" errors="0" timestamp="2019-04-09T16:25:04 MSK">
  <testcase classname="com.epam.atl2019cw10.testNG.DivDoubleTypesTest" name="divDoubleTypesTest" time="0.008">
    <failure type="java.lang.NullPointerException">
      <![CDATA[java.lang.NullPointerException
at com.epam.atl2019cw10.testNG.DivDoubleTypesTest.divDoubleTypesTest(DivDoubleTypesTest.java:10)
at com.epam.atl2019cw10.Runner.main(Runner.java:21)
... Removed 23 stack frames]]>
    </failure>
  </testcase> <!-- divDoubleTypesTest -->
  <testcase classname="com.epam.atl2019cw10.testNG.DivDoubleTypesTest" name="divDoubleTypesTest" time="0.001">
    <failure type="java.lang.NullPointerException">
      <![CDATA[java.lang.NullPointerException
at com.epam.atl2019cw10.testNG.DivDoubleTypesTest.divDoubleTypesTest(DivDoubleTypesTest.java:10)
at com.epam.atl2019cw10.Runner.main(Runner.java:21)
... Removed 23 stack frames]]>
    </failure>
  </testcase> <!-- divDoubleTypesTest -->
  <testcase classname="com.epam.atl2019cw10.testNG.DivDoubleTypesTest" name="divDoubleTypesTest" time="0.0">
    <failure type="java.lang.NullPointerException">
      <![CDATA[java.lang.NullPointerException
at com.epam.atl2019cw10.testNG.DivDoubleTypesTest.divDoubleTypesTest(DivDoubleTypesTest.java:10)
at com.epam.atl2019cw10.Runner.main(Runner.java:21)
... Removed 23 stack frames]]>
    </failure>
  </testcase> <!-- divDoubleTypesTest -->
  <testcase classname="com.epam.atl2019cw10.testNG.DivDoubleTypesTest" name="divDoubleTypesTest" time="0.001">
    <failure type="java.lang.NullPointerException">
      <![CDATA[java.lang.NullPointerException
at com.epam.atl2019cw10.testNG.DivDoubleTypesTest.divDoubleTypesTest(DivDoubleTypesTest.java:10)
at com.epam.atl2019cw10.Runner.main(Runner.java:21)
... Removed 23 stack frames]]>
    </failure>
  </testcase> <!-- divDoubleTypesTest -->
  <testcase classname="com.epam.atl2019cw10.testNG.DivDoubleTypesTest" name="divDoubleTypesTest" time="0.0">
    <failure type="java.lang.NullPointerException">
      <![CDATA[java.lang.NullPointerException
at com.epam.atl2019cw10.testNG.DivDoubleTypesTest.divDoubleTypesTest(DivDoubleTypesTest.java:10)
at com.epam.atl2019cw10.Runner.main(Runner.java:21)
... Removed 23 stack frames]]>
    </failure>
  </testcase> <!-- divDoubleTypesTest -->
  <testcase classname="com.epam.atl2019cw10.testNG.DivDoubleTypesTest" name="divDoubleTypesTest" time="0.0">
    <failure type="java.lang.NullPointerException">
      <![CDATA[java.lang.NullPointerException
at com.epam.atl2019cw10.testNG.DivDoubleTypesTest.divDoubleTypesTest(DivDoubleTypesTest.java:10)
at com.epam.atl2019cw10.Runner.main(Runner.java:21)
... Removed 23 stack frames]]>
    </failure>
  </testcase> <!-- divDoubleTypesTest -->
  <testcase classname="com.epam.atl2019cw10.testNG.DivDoubleTypesTest" name="divDoubleTypesTest" time="0.0">
    <failure type="java.lang.NullPointerException">
      <![CDATA[java.lang.NullPointerException
at com.epam.atl2019cw10.testNG.DivDoubleTypesTest.divDoubleTypesTest(DivDoubleTypesTest.java:10)
at com.epam.atl2019cw10.Runner.main(Runner.java:21)
... Removed 23 stack frames]]>
    </failure>
  </testcase> <!-- divDoubleTypesTest -->
  <testcase classname="com.epam.atl2019cw10.testNG.DivDoubleTypesTest" name="divDoubleTypesTest" time="0.0">
    <failure type="java.lang.NullPointerException">
      <![CDATA[java.lang.NullPointerException
at com.epam.atl2019cw10.testNG.DivDoubleTypesTest.divDoubleTypesTest(DivDoubleTypesTest.java:10)
at com.epam.atl2019cw10.Runner.main(Runner.java:21)
... Removed 23 stack frames]]>
    </failure>
  </testcase> <!-- divDoubleTypesTest -->
  <testcase classname="com.epam.atl2019cw10.testNG.DivDoubleTypesTest" name="divDoubleTypesTest" time="0.0">
    <failure type="java.lang.NullPointerException">
      <![CDATA[java.lang.NullPointerException
at com.epam.atl2019cw10.testNG.DivDoubleTypesTest.divDoubleTypesTest(DivDoubleTypesTest.java:10)
at com.epam.atl2019cw10.Runner.main(Runner.java:21)
... Removed 23 stack frames]]>
    </failure>
  </testcase> <!-- divDoubleTypesTest -->
  <testcase classname="com.epam.atl2019cw10.testNG.DivDoubleTypesTest" name="divDoubleTypesTest" time="0.0">
    <failure type="java.lang.NullPointerException">
      <![CDATA[java.lang.NullPointerException
at com.epam.atl2019cw10.testNG.DivDoubleTypesTest.divDoubleTypesTest(DivDoubleTypesTest.java:10)
at com.epam.atl2019cw10.Runner.main(Runner.java:21)
... Removed 23 stack frames]]>
    </failure>
  </testcase> <!-- divDoubleTypesTest -->
  <testcase classname="com.epam.atl2019cw10.testNG.DivDoubleTypesTest" name="divDoubleTypesTest" time="0.0">
    <failure type="java.lang.NullPointerException">
      <![CDATA[java.lang.NullPointerException
at com.epam.atl2019cw10.testNG.DivDoubleTypesTest.divDoubleTypesTest(DivDoubleTypesTest.java:10)
at com.epam.atl2019cw10.Runner.main(Runner.java:21)
... Removed 23 stack frames]]>
    </failure>
  </testcase> <!-- divDoubleTypesTest -->
  <testcase classname="com.epam.atl2019cw10.testNG.DivDoubleTypesTest" name="divDoubleTypesTest" time="0.0">
    <failure type="java.lang.NullPointerException">
      <![CDATA[java.lang.NullPointerException
at com.epam.atl2019cw10.testNG.DivDoubleTypesTest.divDoubleTypesTest(DivDoubleTypesTest.java:10)
at com.epam.atl2019cw10.Runner.main(Runner.java:21)
... Removed 23 stack frames]]>
    </failure>
  </testcase> <!-- divDoubleTypesTest -->
  <testcase classname="com.epam.atl2019cw10.testNG.DivDoubleTypesTest" name="divDoubleTypesTest" time="0.001">
    <failure type="java.lang.NullPointerException">
      <![CDATA[java.lang.NullPointerException
at com.epam.atl2019cw10.testNG.DivDoubleTypesTest.divDoubleTypesTest(DivDoubleTypesTest.java:10)
at com.epam.atl2019cw10.Runner.main(Runner.java:21)
... Removed 23 stack frames]]>
    </failure>
  </testcase> <!-- divDoubleTypesTest -->
  <testcase classname="com.epam.atl2019cw10.testNG.DivDoubleTypesTest" name="divDoubleTypesTest" time="0.0">
    <failure type="java.lang.NullPointerException">
      <![CDATA[java.lang.NullPointerException
at com.epam.atl2019cw10.testNG.DivDoubleTypesTest.divDoubleTypesTest(DivDoubleTypesTest.java:10)
at com.epam.atl2019cw10.Runner.main(Runner.java:21)
... Removed 23 stack frames]]>
    </failure>
  </testcase> <!-- divDoubleTypesTest -->
  <testcase classname="com.epam.atl2019cw10.testNG.DivDoubleTypesTest" name="divDoubleTypesTest" time="0.0">
    <failure type="java.lang.NullPointerException">
      <![CDATA[java.lang.NullPointerException
at com.epam.atl2019cw10.testNG.DivDoubleTypesTest.divDoubleTypesTest(DivDoubleTypesTest.java:10)
at com.epam.atl2019cw10.Runner.main(Runner.java:21)
... Removed 23 stack frames]]>
    </failure>
  </testcase> <!-- divDoubleTypesTest -->
  <testcase classname="com.epam.atl2019cw10.testNG.DivDoubleTypesTest" name="divDoubleTypesTest" time="0.004">
    <failure type="java.lang.NullPointerException">
      <![CDATA[java.lang.NullPointerException
at com.epam.atl2019cw10.testNG.DivDoubleTypesTest.divDoubleTypesTest(DivDoubleTypesTest.java:10)
at com.epam.atl2019cw10.Runner.main(Runner.java:21)
... Removed 23 stack frames]]>
    </failure>
  </testcase> <!-- divDoubleTypesTest -->
  <testcase classname="com.epam.atl2019cw10.testNG.DivDoubleTypesTest" name="divDoubleTypesTest" time="0.0">
    <failure type="java.lang.NullPointerException">
      <![CDATA[java.lang.NullPointerException
at com.epam.atl2019cw10.testNG.DivDoubleTypesTest.divDoubleTypesTest(DivDoubleTypesTest.java:10)
at com.epam.atl2019cw10.Runner.main(Runner.java:21)
... Removed 22 stack frames]]>
    </failure>
  </testcase> <!-- divDoubleTypesTest -->
  <testcase classname="com.epam.atl2019cw10.testNG.DivDoubleTypesTest" name="divDoubleTypesTest" time="0.0">
    <failure type="java.lang.NullPointerException">
      <![CDATA[java.lang.NullPointerException
at com.epam.atl2019cw10.testNG.DivDoubleTypesTest.divDoubleTypesTest(DivDoubleTypesTest.java:10)
at com.epam.atl2019cw10.Runner.main(Runner.java:21)
... Removed 22 stack frames]]>
    </failure>
  </testcase> <!-- divDoubleTypesTest -->
  <testcase classname="com.epam.atl2019cw10.testNG.DivDoubleTypesTest" name="divDoubleTypesTest" time="0.001">
    <failure type="java.lang.NullPointerException">
      <![CDATA[java.lang.NullPointerException
at com.epam.atl2019cw10.testNG.DivDoubleTypesTest.divDoubleTypesTest(DivDoubleTypesTest.java:10)
at com.epam.atl2019cw10.Runner.main(Runner.java:21)
... Removed 22 stack frames]]>
    </failure>
  </testcase> <!-- divDoubleTypesTest -->
  <testcase classname="com.epam.atl2019cw10.testNG.DivDoubleTypesTest" name="divDoubleTypesTest" time="0.0">
    <failure type="java.lang.NullPointerException">
      <![CDATA[java.lang.NullPointerException
at com.epam.atl2019cw10.testNG.DivDoubleTypesTest.divDoubleTypesTest(DivDoubleTypesTest.java:10)
at com.epam.atl2019cw10.Runner.main(Runner.java:21)
... Removed 22 stack frames]]>
    </failure>
  </testcase> <!-- divDoubleTypesTest -->
  <testcase classname="com.epam.atl2019cw10.testNG.DivDoubleTypesTest" name="divDoubleTypesTest" time="0.001">
    <failure type="java.lang.NullPointerException">
      <![CDATA[java.lang.NullPointerException
at com.epam.atl2019cw10.testNG.DivDoubleTypesTest.divDoubleTypesTest(DivDoubleTypesTest.java:10)
at com.epam.atl2019cw10.Runner.main(Runner.java:21)
... Removed 22 stack frames]]>
    </failure>
  </testcase> <!-- divDoubleTypesTest -->
  <testcase classname="com.epam.atl2019cw10.testNG.DivisionByZeroDoubleTypesTest" name="divisionByZeroDoubleTypesTest" time="0.0">
    <failure type="org.testng.TestException" message="
Expected exception of type class java.lang.IllegalArgumentException but got java.lang.NullPointerException">
      <![CDATA[org.testng.TestException: 
Expected exception of type class java.lang.IllegalArgumentException but got java.lang.NullPointerException
at com.epam.atl2019cw10.Runner.main(Runner.java:21)
Caused by: java.lang.NullPointerException
at com.epam.atl2019cw10.testNG.DivisionByZeroDoubleTypesTest.divisionByZeroDoubleTypesTest(DivisionByZeroDoubleTypesTest.java:10)
... 18 more
... Removed 26 stack frames]]>
    </failure>
  </testcase> <!-- divisionByZeroDoubleTypesTest -->
  <testcase classname="com.epam.atl2019cw10.testNG.DivisionByZeroDoubleTypesTest" name="divisionByZeroDoubleTypesTest" time="0.0">
    <failure type="org.testng.TestException" message="
Expected exception of type class java.lang.IllegalArgumentException but got java.lang.NullPointerException">
      <![CDATA[org.testng.TestException: 
Expected exception of type class java.lang.IllegalArgumentException but got java.lang.NullPointerException
at com.epam.atl2019cw10.Runner.main(Runner.java:21)
Caused by: java.lang.NullPointerException
at com.epam.atl2019cw10.testNG.DivisionByZeroDoubleTypesTest.divisionByZeroDoubleTypesTest(DivisionByZeroDoubleTypesTest.java:10)
... 18 more
... Removed 26 stack frames]]>
    </failure>
  </testcase> <!-- divisionByZeroDoubleTypesTest -->
  <testcase classname="com.epam.atl2019cw10.testNG.DivisionByZeroDoubleTypesTest" name="divisionByZeroDoubleTypesTest" time="0.0">
    <failure type="org.testng.TestException" message="
Expected exception of type class java.lang.IllegalArgumentException but got java.lang.NullPointerException">
      <![CDATA[org.testng.TestException: 
Expected exception of type class java.lang.IllegalArgumentException but got java.lang.NullPointerException
at com.epam.atl2019cw10.Runner.main(Runner.java:21)
Caused by: java.lang.NullPointerException
at com.epam.atl2019cw10.testNG.DivisionByZeroDoubleTypesTest.divisionByZeroDoubleTypesTest(DivisionByZeroDoubleTypesTest.java:10)
... 18 more
... Removed 26 stack frames]]>
    </failure>
  </testcase> <!-- divisionByZeroDoubleTypesTest -->
  <testcase classname="com.epam.atl2019cw10.testNG.DivisionByZeroDoubleTypesTest" name="divisionByZeroDoubleTypesTest" time="0.0">
    <failure type="org.testng.TestException" message="
Expected exception of type class java.lang.IllegalArgumentException but got java.lang.NullPointerException">
      <![CDATA[org.testng.TestException: 
Expected exception of type class java.lang.IllegalArgumentException but got java.lang.NullPointerException
at com.epam.atl2019cw10.Runner.main(Runner.java:21)
Caused by: java.lang.NullPointerException
at com.epam.atl2019cw10.testNG.DivisionByZeroDoubleTypesTest.divisionByZeroDoubleTypesTest(DivisionByZeroDoubleTypesTest.java:10)
... 18 more
... Removed 26 stack frames]]>
    </failure>
  </testcase> <!-- divisionByZeroDoubleTypesTest -->
  <testcase classname="com.epam.atl2019cw10.testNG.DivisionByZeroDoubleTypesTest" name="divisionByZeroDoubleTypesTest" time="0.0">
    <failure type="org.testng.TestException" message="
Expected exception of type class java.lang.IllegalArgumentException but got java.lang.NullPointerException">
      <![CDATA[org.testng.TestException: 
Expected exception of type class java.lang.IllegalArgumentException but got java.lang.NullPointerException
at com.epam.atl2019cw10.Runner.main(Runner.java:21)
Caused by: java.lang.NullPointerException
at com.epam.atl2019cw10.testNG.DivisionByZeroDoubleTypesTest.divisionByZeroDoubleTypesTest(DivisionByZeroDoubleTypesTest.java:10)
... 18 more
... Removed 26 stack frames]]>
    </failure>
  </testcase> <!-- divisionByZeroDoubleTypesTest -->
  <testcase classname="com.epam.atl2019cw10.testNG.DivisionByZeroDoubleTypesTest" name="divisionByZeroDoubleTypesTest" time="0.0">
    <failure type="org.testng.TestException" message="
Expected exception of type class java.lang.IllegalArgumentException but got java.lang.NullPointerException">
      <![CDATA[org.testng.TestException: 
Expected exception of type class java.lang.IllegalArgumentException but got java.lang.NullPointerException
at com.epam.atl2019cw10.Runner.main(Runner.java:21)
Caused by: java.lang.NullPointerException
at com.epam.atl2019cw10.testNG.DivisionByZeroDoubleTypesTest.divisionByZeroDoubleTypesTest(DivisionByZeroDoubleTypesTest.java:10)
... 18 more
... Removed 26 stack frames]]>
    </failure>
  </testcase> <!-- divisionByZeroDoubleTypesTest -->
  <testcase classname="com.epam.atl2019cw10.testNG.DivisionByZeroDoubleTypesTest" name="divisionByZeroDoubleTypesTest" time="0.0">
    <failure type="org.testng.TestException" message="
Expected exception of type class java.lang.IllegalArgumentException but got java.lang.NullPointerException">
      <![CDATA[org.testng.TestException: 
Expected exception of type class java.lang.IllegalArgumentException but got java.lang.NullPointerException
at com.epam.atl2019cw10.Runner.main(Runner.java:21)
Caused by: java.lang.NullPointerException
at com.epam.atl2019cw10.testNG.DivisionByZeroDoubleTypesTest.divisionByZeroDoubleTypesTest(DivisionByZeroDoubleTypesTest.java:10)
... 18 more
... Removed 26 stack frames]]>
    </failure>
  </testcase> <!-- divisionByZeroDoubleTypesTest -->
  <testcase classname="com.epam.atl2019cw10.testNG.DivisionByZeroLongTypesTest" name="divLongTest" time="0.001">
    <failure type="org.testng.TestException" message="
Expected exception of type class java.lang.NumberFormatException but got java.lang.NullPointerException">
      <![CDATA[org.testng.TestException: 
Expected exception of type class java.lang.NumberFormatException but got java.lang.NullPointerException
at com.epam.atl2019cw10.Runner.main(Runner.java:21)
Caused by: java.lang.NullPointerException
at com.epam.atl2019cw10.testNG.DivisionByZeroLongTypesTest.divLongTest(DivisionByZeroLongTypesTest.java:10)
... 18 more
... Removed 26 stack frames]]>
    </failure>
  </testcase> <!-- divLongTest -->
  <testcase classname="com.epam.atl2019cw10.testNG.DivisionByZeroLongTypesTest" name="divLongTest" time="0.0">
    <failure type="org.testng.TestException" message="
Expected exception of type class java.lang.NumberFormatException but got java.lang.NullPointerException">
      <![CDATA[org.testng.TestException: 
Expected exception of type class java.lang.NumberFormatException but got java.lang.NullPointerException
at com.epam.atl2019cw10.Runner.main(Runner.java:21)
Caused by: java.lang.NullPointerException
at com.epam.atl2019cw10.testNG.DivisionByZeroLongTypesTest.divLongTest(DivisionByZeroLongTypesTest.java:10)
... 18 more
... Removed 26 stack frames]]>
    </failure>
  </testcase> <!-- divLongTest -->
  <testcase classname="com.epam.atl2019cw10.testNG.DivisionByZeroLongTypesTest" name="divLongTest" time="0.0">
    <failure type="org.testng.TestException" message="
Expected exception of type class java.lang.NumberFormatException but got java.lang.NullPointerException">
      <![CDATA[org.testng.TestException: 
Expected exception of type class java.lang.NumberFormatException but got java.lang.NullPointerException
at com.epam.atl2019cw10.Runner.main(Runner.java:21)
Caused by: java.lang.NullPointerException
at com.epam.atl2019cw10.testNG.DivisionByZeroLongTypesTest.divLongTest(DivisionByZeroLongTypesTest.java:10)
... 18 more
... Removed 26 stack frames]]>
    </failure>
  </testcase> <!-- divLongTest -->
  <testcase classname="com.epam.atl2019cw10.testNG.DivLongTypesTest" name="divLongTest" time="0.0">
    <failure type="java.lang.NullPointerException">
      <![CDATA[java.lang.NullPointerException
at com.epam.atl2019cw10.testNG.DivLongTypesTest.divLongTest(DivLongTypesTest.java:10)
at com.epam.atl2019cw10.Runner.main(Runner.java:21)
... Removed 23 stack frames]]>
    </failure>
  </testcase> <!-- divLongTest -->
  <testcase classname="com.epam.atl2019cw10.testNG.DivLongTypesTest" name="divLongTest" time="0.0">
    <failure type="java.lang.NullPointerException">
      <![CDATA[java.lang.NullPointerException
at com.epam.atl2019cw10.testNG.DivLongTypesTest.divLongTest(DivLongTypesTest.java:10)
at com.epam.atl2019cw10.Runner.main(Runner.java:21)
... Removed 23 stack frames]]>
    </failure>
  </testcase> <!-- divLongTest -->
  <testcase classname="com.epam.atl2019cw10.testNG.DivLongTypesTest" name="divLongTest" time="0.001">
    <failure type="java.lang.NullPointerException">
      <![CDATA[java.lang.NullPointerException
at com.epam.atl2019cw10.testNG.DivLongTypesTest.divLongTest(DivLongTypesTest.java:10)
at com.epam.atl2019cw10.Runner.main(Runner.java:21)
... Removed 23 stack frames]]>
    </failure>
  </testcase> <!-- divLongTest -->
  <testcase classname="com.epam.atl2019cw10.testNG.DivLongTypesTest" name="divLongTest" time="0.0">
    <failure type="java.lang.NullPointerException">
      <![CDATA[java.lang.NullPointerException
at com.epam.atl2019cw10.testNG.DivLongTypesTest.divLongTest(DivLongTypesTest.java:10)
at com.epam.atl2019cw10.Runner.main(Runner.java:21)
... Removed 23 stack frames]]>
    </failure>
  </testcase> <!-- divLongTest -->
  <testcase classname="com.epam.atl2019cw10.testNG.DivLongTypesTest" name="divLongTest" time="0.0">
    <failure type="java.lang.NullPointerException">
      <![CDATA[java.lang.NullPointerException
at com.epam.atl2019cw10.testNG.DivLongTypesTest.divLongTest(DivLongTypesTest.java:10)
at com.epam.atl2019cw10.Runner.main(Runner.java:21)
... Removed 23 stack frames]]>
    </failure>
  </testcase> <!-- divLongTest -->
  <testcase classname="com.epam.atl2019cw10.testNG.DivLongTypesTest" name="divLongTest" time="0.001">
    <failure type="java.lang.NullPointerException">
      <![CDATA[java.lang.NullPointerException
at com.epam.atl2019cw10.testNG.DivLongTypesTest.divLongTest(DivLongTypesTest.java:10)
at com.epam.atl2019cw10.Runner.main(Runner.java:21)
... Removed 23 stack frames]]>
    </failure>
  </testcase> <!-- divLongTest -->
  <testcase classname="com.epam.atl2019cw10.testNG.DivLongTypesTest" name="divLongTest" time="0.0">
    <failure type="java.lang.NullPointerException">
      <![CDATA[java.lang.NullPointerException
at com.epam.atl2019cw10.testNG.DivLongTypesTest.divLongTest(DivLongTypesTest.java:10)
at com.epam.atl2019cw10.Runner.main(Runner.java:21)
... Removed 23 stack frames]]>
    </failure>
  </testcase> <!-- divLongTest -->
  <testcase classname="com.epam.atl2019cw10.testNG.DivLongTypesTest" name="divLongTest" time="0.0">
    <failure type="java.lang.NullPointerException">
      <![CDATA[java.lang.NullPointerException
at com.epam.atl2019cw10.testNG.DivLongTypesTest.divLongTest(DivLongTypesTest.java:10)
at com.epam.atl2019cw10.Runner.main(Runner.java:21)
... Removed 23 stack frames]]>
    </failure>
  </testcase> <!-- divLongTest -->
  <testcase classname="com.epam.atl2019cw10.testNG.DivLongTypesTest" name="divLongTest" time="0.001">
    <failure type="java.lang.NullPointerException">
      <![CDATA[java.lang.NullPointerException
at com.epam.atl2019cw10.testNG.DivLongTypesTest.divLongTest(DivLongTypesTest.java:10)
at com.epam.atl2019cw10.Runner.main(Runner.java:21)
... Removed 23 stack frames]]>
    </failure>
  </testcase> <!-- divLongTest -->
  <testcase classname="com.epam.atl2019cw10.testNG.DivLongTypesTest" name="divLongTest" time="0.0">
    <failure type="java.lang.NullPointerException">
      <![CDATA[java.lang.NullPointerException
at com.epam.atl2019cw10.testNG.DivLongTypesTest.divLongTest(DivLongTypesTest.java:10)
at com.epam.atl2019cw10.Runner.main(Runner.java:21)
... Removed 23 stack frames]]>
    </failure>
  </testcase> <!-- divLongTest -->
  <testcase classname="com.epam.atl2019cw10.testNG.DivLongTypesTest" name="divLongTest" time="0.0">
    <failure type="java.lang.NullPointerException">
      <![CDATA[java.lang.NullPointerException
at com.epam.atl2019cw10.testNG.DivLongTypesTest.divLongTest(DivLongTypesTest.java:10)
at com.epam.atl2019cw10.Runner.main(Runner.java:21)
... Removed 23 stack frames]]>
    </failure>
  </testcase> <!-- divLongTest -->
  <testcase classname="com.epam.atl2019cw10.testNG.DivLongTypesTest" name="divLongTest" time="0.001">
    <failure type="java.lang.NullPointerException">
      <![CDATA[java.lang.NullPointerException
at com.epam.atl2019cw10.testNG.DivLongTypesTest.divLongTest(DivLongTypesTest.java:10)
at com.epam.atl2019cw10.Runner.main(Runner.java:21)
... Removed 23 stack frames]]>
    </failure>
  </testcase> <!-- divLongTest -->
  <testcase classname="com.epam.atl2019cw10.testNG.DoubleCosTest" name="doubleCosTest" time="0.001">
    <failure type="java.lang.NullPointerException">
      <![CDATA[java.lang.NullPointerException
at com.epam.atl2019cw10.testNG.DoubleCosTest.doubleCosTest(DoubleCosTest.java:9)
at com.epam.atl2019cw10.Runner.main(Runner.java:21)
... Removed 23 stack frames]]>
    </failure>
  </testcase> <!-- doubleCosTest -->
  <testcase classname="com.epam.atl2019cw10.testNG.DoubleCosTest" name="doubleCosTest" time="0.0">
    <failure type="java.lang.NullPointerException">
      <![CDATA[java.lang.NullPointerException
at com.epam.atl2019cw10.testNG.DoubleCosTest.doubleCosTest(DoubleCosTest.java:9)
at com.epam.atl2019cw10.Runner.main(Runner.java:21)
... Removed 23 stack frames]]>
    </failure>
  </testcase> <!-- doubleCosTest -->
  <testcase classname="com.epam.atl2019cw10.testNG.DoubleCosTest" name="doubleCosTest" time="0.0">
    <failure type="java.lang.NullPointerException">
      <![CDATA[java.lang.NullPointerException
at com.epam.atl2019cw10.testNG.DoubleCosTest.doubleCosTest(DoubleCosTest.java:9)
at com.epam.atl2019cw10.Runner.main(Runner.java:21)
... Removed 23 stack frames]]>
    </failure>
  </testcase> <!-- doubleCosTest -->
  <testcase classname="com.epam.atl2019cw10.testNG.DoubleCosTest" name="doubleCosTest" time="0.001">
    <failure type="java.lang.NullPointerException">
      <![CDATA[java.lang.NullPointerException
at com.epam.atl2019cw10.testNG.DoubleCosTest.doubleCosTest(DoubleCosTest.java:9)
at com.epam.atl2019cw10.Runner.main(Runner.java:21)
... Removed 23 stack frames]]>
    </failure>
  </testcase> <!-- doubleCosTest -->
  <testcase classname="com.epam.atl2019cw10.testNG.DoubleCosTest" name="doubleCosTest" time="0.0">
    <failure type="java.lang.NullPointerException">
      <![CDATA[java.lang.NullPointerException
at com.epam.atl2019cw10.testNG.DoubleCosTest.doubleCosTest(DoubleCosTest.java:9)
at com.epam.atl2019cw10.Runner.main(Runner.java:21)
... Removed 23 stack frames]]>
    </failure>
  </testcase> <!-- doubleCosTest -->
  <testcase classname="com.epam.atl2019cw10.testNG.DoubleCosTest" name="doubleCosTest" time="0.0">
    <failure type="java.lang.NullPointerException">
      <![CDATA[java.lang.NullPointerException
at com.epam.atl2019cw10.testNG.DoubleCosTest.doubleCosTest(DoubleCosTest.java:9)
at com.epam.atl2019cw10.Runner.main(Runner.java:21)
... Removed 23 stack frames]]>
    </failure>
  </testcase> <!-- doubleCosTest -->
  <testcase classname="com.epam.atl2019cw10.testNG.DoubleCosTest" name="doubleCosTest" time="0.0">
    <failure type="java.lang.NullPointerException">
      <![CDATA[java.lang.NullPointerException
at com.epam.atl2019cw10.testNG.DoubleCosTest.doubleCosTest(DoubleCosTest.java:9)
at com.epam.atl2019cw10.Runner.main(Runner.java:21)
... Removed 23 stack frames]]>
    </failure>
  </testcase> <!-- doubleCosTest -->
  <testcase classname="com.epam.atl2019cw10.testNG.DoubleCtgTest" name="doubleTgTest" time="0.001">
    <failure type="java.lang.NullPointerException">
      <![CDATA[java.lang.NullPointerException
at com.epam.atl2019cw10.testNG.DoubleCtgTest.doubleTgTest(DoubleCtgTest.java:9)
at com.epam.atl2019cw10.Runner.main(Runner.java:21)
... Removed 23 stack frames]]>
    </failure>
  </testcase> <!-- doubleTgTest -->
  <testcase classname="com.epam.atl2019cw10.testNG.DoubleCtgTest" name="doubleTgTest" time="0.0">
    <failure type="java.lang.NullPointerException">
      <![CDATA[java.lang.NullPointerException
at com.epam.atl2019cw10.testNG.DoubleCtgTest.doubleTgTest(DoubleCtgTest.java:9)
at com.epam.atl2019cw10.Runner.main(Runner.java:21)
... Removed 23 stack frames]]>
    </failure>
  </testcase> <!-- doubleTgTest -->
  <testcase classname="com.epam.atl2019cw10.testNG.DoubleCtgTest" name="doubleTgTest" time="0.0">
    <failure type="java.lang.NullPointerException">
      <![CDATA[java.lang.NullPointerException
at com.epam.atl2019cw10.testNG.DoubleCtgTest.doubleTgTest(DoubleCtgTest.java:9)
at com.epam.atl2019cw10.Runner.main(Runner.java:21)
... Removed 23 stack frames]]>
    </failure>
  </testcase> <!-- doubleTgTest -->
  <testcase classname="com.epam.atl2019cw10.testNG.DoubleCtgTest" name="doubleTgTest" time="0.001">
    <failure type="java.lang.NullPointerException">
      <![CDATA[java.lang.NullPointerException
at com.epam.atl2019cw10.testNG.DoubleCtgTest.doubleTgTest(DoubleCtgTest.java:9)
at com.epam.atl2019cw10.Runner.main(Runner.java:21)
... Removed 23 stack frames]]>
    </failure>
  </testcase> <!-- doubleTgTest -->
  <testcase classname="com.epam.atl2019cw10.testNG.DoubleCtgTest" name="doubleTgTest" time="0.0">
    <failure type="java.lang.NullPointerException">
      <![CDATA[java.lang.NullPointerException
at com.epam.atl2019cw10.testNG.DoubleCtgTest.doubleTgTest(DoubleCtgTest.java:9)
at com.epam.atl2019cw10.Runner.main(Runner.java:21)
... Removed 23 stack frames]]>
    </failure>
  </testcase> <!-- doubleTgTest -->
  <testcase classname="com.epam.atl2019cw10.testNG.DoubleCtgTest" name="doubleTgTest" time="0.0">
    <failure type="java.lang.NullPointerException">
      <![CDATA[java.lang.NullPointerException
at com.epam.atl2019cw10.testNG.DoubleCtgTest.doubleTgTest(DoubleCtgTest.java:9)
at com.epam.atl2019cw10.Runner.main(Runner.java:21)
... Removed 23 stack frames]]>
    </failure>
  </testcase> <!-- doubleTgTest -->
  <testcase classname="com.epam.atl2019cw10.testNG.DoubleCtgTest" name="doubleTgTest" time="0.0">
    <failure type="java.lang.NullPointerException">
      <![CDATA[java.lang.NullPointerException
at com.epam.atl2019cw10.testNG.DoubleCtgTest.doubleTgTest(DoubleCtgTest.java:9)
at com.epam.atl2019cw10.Runner.main(Runner.java:21)
... Removed 23 stack frames]]>
    </failure>
  </testcase> <!-- doubleTgTest -->
  <testcase classname="com.epam.atl2019cw10.testNG.DoublePowTest" name="doublePowTest" time="0.001">
    <failure type="java.lang.NullPointerException">
      <![CDATA[java.lang.NullPointerException
at com.epam.atl2019cw10.testNG.DoublePowTest.doublePowTest(DoublePowTest.java:9)
at com.epam.atl2019cw10.Runner.main(Runner.java:21)
... Removed 23 stack frames]]>
    </failure>
  </testcase> <!-- doublePowTest -->
  <testcase classname="com.epam.atl2019cw10.testNG.DoublePowTest" name="doublePowTest" time="0.0">
    <failure type="java.lang.NullPointerException">
      <![CDATA[java.lang.NullPointerException
at com.epam.atl2019cw10.testNG.DoublePowTest.doublePowTest(DoublePowTest.java:9)
at com.epam.atl2019cw10.Runner.main(Runner.java:21)
... Removed 23 stack frames]]>
    </failure>
  </testcase> <!-- doublePowTest -->
  <testcase classname="com.epam.atl2019cw10.testNG.DoublePowTest" name="doublePowTest" time="0.0">
    <failure type="java.lang.NullPointerException">
      <![CDATA[java.lang.NullPointerException
at com.epam.atl2019cw10.testNG.DoublePowTest.doublePowTest(DoublePowTest.java:9)
at com.epam.atl2019cw10.Runner.main(Runner.java:21)
... Removed 23 stack frames]]>
    </failure>
  </testcase> <!-- doublePowTest -->
  <testcase classname="com.epam.atl2019cw10.testNG.DoublePowTest" name="doublePowTest" time="0.0">
    <failure type="java.lang.NullPointerException">
      <![CDATA[java.lang.NullPointerException
at com.epam.atl2019cw10.testNG.DoublePowTest.doublePowTest(DoublePowTest.java:9)
at com.epam.atl2019cw10.Runner.main(Runner.java:21)
... Removed 23 stack frames]]>
    </failure>
  </testcase> <!-- doublePowTest -->
  <testcase classname="com.epam.atl2019cw10.testNG.DoublePowTest" name="doublePowTest" time="0.0">
    <failure type="java.lang.NullPointerException">
      <![CDATA[java.lang.NullPointerException
at com.epam.atl2019cw10.testNG.DoublePowTest.doublePowTest(DoublePowTest.java:9)
at com.epam.atl2019cw10.Runner.main(Runner.java:21)
... Removed 23 stack frames]]>
    </failure>
  </testcase> <!-- doublePowTest -->
  <testcase classname="com.epam.atl2019cw10.testNG.DoublePowTest" name="doublePowTest" time="0.0">
    <failure type="java.lang.NullPointerException">
      <![CDATA[java.lang.NullPointerException
at com.epam.atl2019cw10.testNG.DoublePowTest.doublePowTest(DoublePowTest.java:9)
at com.epam.atl2019cw10.Runner.main(Runner.java:21)
... Removed 23 stack frames]]>
    </failure>
  </testcase> <!-- doublePowTest -->
  <testcase classname="com.epam.atl2019cw10.testNG.DoublePowTest" name="doublePowTest" time="0.001">
    <failure type="java.lang.NullPointerException">
      <![CDATA[java.lang.NullPointerException
at com.epam.atl2019cw10.testNG.DoublePowTest.doublePowTest(DoublePowTest.java:9)
at com.epam.atl2019cw10.Runner.main(Runner.java:21)
... Removed 23 stack frames]]>
    </failure>
  </testcase> <!-- doublePowTest -->
  <testcase classname="com.epam.atl2019cw10.testNG.DoublePowTest" name="doublePowTest" time="0.0">
    <failure type="java.lang.NullPointerException">
      <![CDATA[java.lang.NullPointerException
at com.epam.atl2019cw10.testNG.DoublePowTest.doublePowTest(DoublePowTest.java:9)
at com.epam.atl2019cw10.Runner.main(Runner.java:21)
... Removed 23 stack frames]]>
    </failure>
  </testcase> <!-- doublePowTest -->
  <testcase classname="com.epam.atl2019cw10.testNG.DoublePowTest" name="doublePowTest" time="0.001">
    <failure type="java.lang.NullPointerException">
      <![CDATA[java.lang.NullPointerException
at com.epam.atl2019cw10.testNG.DoublePowTest.doublePowTest(DoublePowTest.java:9)
at com.epam.atl2019cw10.Runner.main(Runner.java:21)
... Removed 23 stack frames]]>
    </failure>
  </testcase> <!-- doublePowTest -->
  <testcase classname="com.epam.atl2019cw10.testNG.DoublePowTest" name="doublePowTest" time="0.0">
    <failure type="java.lang.NullPointerException">
      <![CDATA[java.lang.NullPointerException
at com.epam.atl2019cw10.testNG.DoublePowTest.doublePowTest(DoublePowTest.java:9)
at com.epam.atl2019cw10.Runner.main(Runner.java:21)
... Removed 23 stack frames]]>
    </failure>
  </testcase> <!-- doublePowTest -->
  <testcase classname="com.epam.atl2019cw10.testNG.DoublePowTest" name="doublePowTest" time="0.0">
    <failure type="java.lang.NullPointerException">
      <![CDATA[java.lang.NullPointerException
at com.epam.atl2019cw10.testNG.DoublePowTest.doublePowTest(DoublePowTest.java:9)
at com.epam.atl2019cw10.Runner.main(Runner.java:21)
... Removed 23 stack frames]]>
    </failure>
  </testcase> <!-- doublePowTest -->
  <testcase classname="com.epam.atl2019cw10.testNG.DoublePowTest" name="doublePowTest" time="0.0">
    <failure type="java.lang.NullPointerException">
      <![CDATA[java.lang.NullPointerException
at com.epam.atl2019cw10.testNG.DoublePowTest.doublePowTest(DoublePowTest.java:9)
at com.epam.atl2019cw10.Runner.main(Runner.java:21)
... Removed 23 stack frames]]>
    </failure>
  </testcase> <!-- doublePowTest -->
  <testcase classname="com.epam.atl2019cw10.testNG.DoublePowTest" name="doublePowTest" time="0.0">
    <failure type="java.lang.NullPointerException">
      <![CDATA[java.lang.NullPointerException
at com.epam.atl2019cw10.testNG.DoublePowTest.doublePowTest(DoublePowTest.java:9)
at com.epam.atl2019cw10.Runner.main(Runner.java:21)
... Removed 23 stack frames]]>
    </failure>
  </testcase> <!-- doublePowTest -->
  <testcase classname="com.epam.atl2019cw10.testNG.DoublePowTest" name="doublePowTest" time="0.001">
    <failure type="java.lang.NullPointerException">
      <![CDATA[java.lang.NullPointerException
at com.epam.atl2019cw10.testNG.DoublePowTest.doublePowTest(DoublePowTest.java:9)
at com.epam.atl2019cw10.Runner.main(Runner.java:21)
... Removed 23 stack frames]]>
    </failure>
  </testcase> <!-- doublePowTest -->
  <testcase classname="com.epam.atl2019cw10.testNG.DoublePowTest" name="doublePowTest" time="0.0">
    <failure type="java.lang.NullPointerException">
      <![CDATA[java.lang.NullPointerException
at com.epam.atl2019cw10.testNG.DoublePowTest.doublePowTest(DoublePowTest.java:9)
at com.epam.atl2019cw10.Runner.main(Runner.java:21)
... Removed 23 stack frames]]>
    </failure>
  </testcase> <!-- doublePowTest -->
  <testcase classname="com.epam.atl2019cw10.testNG.DoublePowTest" name="doublePowTest" time="0.004">
    <failure type="java.lang.NullPointerException">
      <![CDATA[java.lang.NullPointerException
at com.epam.atl2019cw10.testNG.DoublePowTest.doublePowTest(DoublePowTest.java:9)
at com.epam.atl2019cw10.Runner.main(Runner.java:21)
... Removed 23 stack frames]]>
    </failure>
  </testcase> <!-- doublePowTest -->
  <testcase classname="com.epam.atl2019cw10.testNG.DoublePowTest" name="doublePowTest" time="0.0">
    <failure type="java.lang.NullPointerException">
      <![CDATA[java.lang.NullPointerException
at com.epam.atl2019cw10.testNG.DoublePowTest.doublePowTest(DoublePowTest.java:9)
at com.epam.atl2019cw10.Runner.main(Runner.java:21)
... Removed 22 stack frames]]>
    </failure>
  </testcase> <!-- doublePowTest -->
  <testcase classname="com.epam.atl2019cw10.testNG.DoublePowTest" name="doublePowTest" time="0.0">
    <failure type="java.lang.NullPointerException">
      <![CDATA[java.lang.NullPointerException
at com.epam.atl2019cw10.testNG.DoublePowTest.doublePowTest(DoublePowTest.java:9)
at com.epam.atl2019cw10.Runner.main(Runner.java:21)
... Removed 22 stack frames]]>
    </failure>
  </testcase> <!-- doublePowTest -->
  <testcase classname="com.epam.atl2019cw10.testNG.DoublePowTest" name="doublePowTest" time="0.0">
    <failure type="java.lang.NullPointerException">
      <![CDATA[java.lang.NullPointerException
at com.epam.atl2019cw10.testNG.DoublePowTest.doublePowTest(DoublePowTest.java:9)
at com.epam.atl2019cw10.Runner.main(Runner.java:21)
... Removed 22 stack frames]]>
    </failure>
  </testcase> <!-- doublePowTest -->
  <testcase classname="com.epam.atl2019cw10.testNG.DoublePowTest" name="doublePowTest" time="0.0">
    <failure type="java.lang.NullPointerException">
      <![CDATA[java.lang.NullPointerException
at com.epam.atl2019cw10.testNG.DoublePowTest.doublePowTest(DoublePowTest.java:9)
at com.epam.atl2019cw10.Runner.main(Runner.java:21)
... Removed 22 stack frames]]>
    </failure>
  </testcase> <!-- doublePowTest -->
  <testcase classname="com.epam.atl2019cw10.testNG.DoublePowTest" name="doublePowTest" time="0.0">
    <failure type="java.lang.NullPointerException">
      <![CDATA[java.lang.NullPointerException
at com.epam.atl2019cw10.testNG.DoublePowTest.doublePowTest(DoublePowTest.java:9)
at com.epam.atl2019cw10.Runner.main(Runner.java:21)
... Removed 22 stack frames]]>
    </failure>
  </testcase> <!-- doublePowTest -->
  <testcase classname="com.epam.atl2019cw10.testNG.DoublePowTest" name="doublePowTest" time="0.001">
    <failure type="java.lang.NullPointerException">
      <![CDATA[java.lang.NullPointerException
at com.epam.atl2019cw10.testNG.DoublePowTest.doublePowTest(DoublePowTest.java:9)
at com.epam.atl2019cw10.Runner.main(Runner.java:21)
... Removed 22 stack frames]]>
    </failure>
  </testcase> <!-- doublePowTest -->
  <testcase classname="com.epam.atl2019cw10.testNG.DoublePowTest" name="doublePowTest" time="0.0">
    <failure type="java.lang.NullPointerException">
      <![CDATA[java.lang.NullPointerException
at com.epam.atl2019cw10.testNG.DoublePowTest.doublePowTest(DoublePowTest.java:9)
at com.epam.atl2019cw10.Runner.main(Runner.java:21)
... Removed 22 stack frames]]>
    </failure>
  </testcase> <!-- doublePowTest -->
  <testcase classname="com.epam.atl2019cw10.testNG.DoublePowTest" name="doublePowTest" time="0.0">
    <failure type="java.lang.NullPointerException">
      <![CDATA[java.lang.NullPointerException
at com.epam.atl2019cw10.testNG.DoublePowTest.doublePowTest(DoublePowTest.java:9)
at com.epam.atl2019cw10.Runner.main(Runner.java:21)
... Removed 22 stack frames]]>
    </failure>
  </testcase> <!-- doublePowTest -->
  <testcase classname="com.epam.atl2019cw10.testNG.DoublePowTest" name="doublePowTest" time="0.0">
    <failure type="java.lang.NullPointerException">
      <![CDATA[java.lang.NullPointerException
at com.epam.atl2019cw10.testNG.DoublePowTest.doublePowTest(DoublePowTest.java:9)
at com.epam.atl2019cw10.Runner.main(Runner.java:21)
... Removed 22 stack frames]]>
    </failure>
  </testcase> <!-- doublePowTest -->
  <testcase classname="com.epam.atl2019cw10.testNG.DoublePowTest" name="doublePowTest" time="0.0">
    <failure type="java.lang.NullPointerException">
      <![CDATA[java.lang.NullPointerException
at com.epam.atl2019cw10.testNG.DoublePowTest.doublePowTest(DoublePowTest.java:9)
at com.epam.atl2019cw10.Runner.main(Runner.java:21)
... Removed 22 stack frames]]>
    </failure>
  </testcase> <!-- doublePowTest -->
  <testcase classname="com.epam.atl2019cw10.testNG.DoublePowTest" name="doublePowTest" time="0.0">
    <failure type="java.lang.NullPointerException">
      <![CDATA[java.lang.NullPointerException
at com.epam.atl2019cw10.testNG.DoublePowTest.doublePowTest(DoublePowTest.java:9)
at com.epam.atl2019cw10.Runner.main(Runner.java:21)
... Removed 22 stack frames]]>
    </failure>
  </testcase> <!-- doublePowTest -->
  <testcase classname="com.epam.atl2019cw10.testNG.DoublePowTest" name="doublePowTest" time="0.0">
    <failure type="java.lang.NullPointerException">
      <![CDATA[java.lang.NullPointerException
at com.epam.atl2019cw10.testNG.DoublePowTest.doublePowTest(DoublePowTest.java:9)
at com.epam.atl2019cw10.Runner.main(Runner.java:21)
... Removed 22 stack frames]]>
    </failure>
  </testcase> <!-- doublePowTest -->
  <testcase classname="com.epam.atl2019cw10.testNG.DoublePowTest" name="doublePowTest" time="0.0">
    <failure type="java.lang.NullPointerException">
      <![CDATA[java.lang.NullPointerException
at com.epam.atl2019cw10.testNG.DoublePowTest.doublePowTest(DoublePowTest.java:9)
at com.epam.atl2019cw10.Runner.main(Runner.java:21)
... Removed 22 stack frames]]>
    </failure>
  </testcase> <!-- doublePowTest -->
  <testcase classname="com.epam.atl2019cw10.testNG.DoublePowTest" name="doublePowTest" time="0.0">
    <failure type="java.lang.NullPointerException">
      <![CDATA[java.lang.NullPointerException
at com.epam.atl2019cw10.testNG.DoublePowTest.doublePowTest(DoublePowTest.java:9)
at com.epam.atl2019cw10.Runner.main(Runner.java:21)
... Removed 22 stack frames]]>
    </failure>
  </testcase> <!-- doublePowTest -->
  <testcase classname="com.epam.atl2019cw10.testNG.DoublePowTest" name="doublePowTest" time="0.001">
    <failure type="java.lang.NullPointerException">
      <![CDATA[java.lang.NullPointerException
at com.epam.atl2019cw10.testNG.DoublePowTest.doublePowTest(DoublePowTest.java:9)
at com.epam.atl2019cw10.Runner.main(Runner.java:21)
... Removed 22 stack frames]]>
    </failure>
  </testcase> <!-- doublePowTest -->
  <testcase classname="com.epam.atl2019cw10.testNG.DoubleSinTest" name="doubleSinTest" time="0.0">
    <failure type="java.lang.NullPointerException">
      <![CDATA[java.lang.NullPointerException
at com.epam.atl2019cw10.testNG.DoubleSinTest.doubleSinTest(DoubleSinTest.java:9)
at com.epam.atl2019cw10.Runner.main(Runner.java:21)
... Removed 23 stack frames]]>
    </failure>
  </testcase> <!-- doubleSinTest -->
  <testcase classname="com.epam.atl2019cw10.testNG.DoubleSinTest" name="doubleSinTest" time="0.0">
    <failure type="java.lang.NullPointerException">
      <![CDATA[java.lang.NullPointerException
at com.epam.atl2019cw10.testNG.DoubleSinTest.doubleSinTest(DoubleSinTest.java:9)
at com.epam.atl2019cw10.Runner.main(Runner.java:21)
... Removed 23 stack frames]]>
    </failure>
  </testcase> <!-- doubleSinTest -->
  <testcase classname="com.epam.atl2019cw10.testNG.DoubleSinTest" name="doubleSinTest" time="0.0">
    <failure type="java.lang.NullPointerException">
      <![CDATA[java.lang.NullPointerException
at com.epam.atl2019cw10.testNG.DoubleSinTest.doubleSinTest(DoubleSinTest.java:9)
at com.epam.atl2019cw10.Runner.main(Runner.java:21)
... Removed 23 stack frames]]>
    </failure>
  </testcase> <!-- doubleSinTest -->
  <testcase classname="com.epam.atl2019cw10.testNG.DoubleSinTest" name="doubleSinTest" time="0.0">
    <failure type="java.lang.NullPointerException">
      <![CDATA[java.lang.NullPointerException
at com.epam.atl2019cw10.testNG.DoubleSinTest.doubleSinTest(DoubleSinTest.java:9)
at com.epam.atl2019cw10.Runner.main(Runner.java:21)
... Removed 23 stack frames]]>
    </failure>
  </testcase> <!-- doubleSinTest -->
  <testcase classname="com.epam.atl2019cw10.testNG.DoubleSinTest" name="doubleSinTest" time="0.0">
    <failure type="java.lang.NullPointerException">
      <![CDATA[java.lang.NullPointerException
at com.epam.atl2019cw10.testNG.DoubleSinTest.doubleSinTest(DoubleSinTest.java:9)
at com.epam.atl2019cw10.Runner.main(Runner.java:21)
... Removed 23 stack frames]]>
    </failure>
  </testcase> <!-- doubleSinTest -->
  <testcase classname="com.epam.atl2019cw10.testNG.DoubleSinTest" name="doubleSinTest" time="0.0">
    <failure type="java.lang.NullPointerException">
      <![CDATA[java.lang.NullPointerException
at com.epam.atl2019cw10.testNG.DoubleSinTest.doubleSinTest(DoubleSinTest.java:9)
at com.epam.atl2019cw10.Runner.main(Runner.java:21)
... Removed 23 stack frames]]>
    </failure>
  </testcase> <!-- doubleSinTest -->
  <testcase classname="com.epam.atl2019cw10.testNG.DoubleSinTest" name="doubleSinTest" time="0.0">
    <failure type="java.lang.NullPointerException">
      <![CDATA[java.lang.NullPointerException
at com.epam.atl2019cw10.testNG.DoubleSinTest.doubleSinTest(DoubleSinTest.java:9)
at com.epam.atl2019cw10.Runner.main(Runner.java:21)
... Removed 23 stack frames]]>
    </failure>
  </testcase> <!-- doubleSinTest -->
  <testcase classname="com.epam.atl2019cw10.testNG.DoubleSqrtTest" name="doubleSqrtTest" time="0.0">
    <failure type="java.lang.NullPointerException">
      <![CDATA[java.lang.NullPointerException
at com.epam.atl2019cw10.testNG.DoubleSqrtTest.doubleSqrtTest(DoubleSqrtTest.java:9)
at com.epam.atl2019cw10.Runner.main(Runner.java:21)
... Removed 23 stack frames]]>
    </failure>
  </testcase> <!-- doubleSqrtTest -->
  <testcase classname="com.epam.atl2019cw10.testNG.DoubleSqrtTest" name="doubleSqrtTest" time="0.0">
    <failure type="java.lang.NullPointerException">
      <![CDATA[java.lang.NullPointerException
at com.epam.atl2019cw10.testNG.DoubleSqrtTest.doubleSqrtTest(DoubleSqrtTest.java:9)
at com.epam.atl2019cw10.Runner.main(Runner.java:21)
... Removed 23 stack frames]]>
    </failure>
  </testcase> <!-- doubleSqrtTest -->
  <testcase classname="com.epam.atl2019cw10.testNG.DoubleSqrtTest" name="doubleSqrtTest" time="0.0">
    <failure type="java.lang.NullPointerException">
      <![CDATA[java.lang.NullPointerException
at com.epam.atl2019cw10.testNG.DoubleSqrtTest.doubleSqrtTest(DoubleSqrtTest.java:9)
at com.epam.atl2019cw10.Runner.main(Runner.java:21)
... Removed 23 stack frames]]>
    </failure>
  </testcase> <!-- doubleSqrtTest -->
  <testcase classname="com.epam.atl2019cw10.testNG.DoubleSqrtTest" name="doubleSqrtTest" time="0.0">
    <failure type="java.lang.NullPointerException">
      <![CDATA[java.lang.NullPointerException
at com.epam.atl2019cw10.testNG.DoubleSqrtTest.doubleSqrtTest(DoubleSqrtTest.java:9)
at com.epam.atl2019cw10.Runner.main(Runner.java:21)
... Removed 23 stack frames]]>
    </failure>
  </testcase> <!-- doubleSqrtTest -->
  <testcase classname="com.epam.atl2019cw10.testNG.DoubleSqrtTest" name="doubleSqrtTest" time="0.0">
    <failure type="java.lang.NullPointerException">
      <![CDATA[java.lang.NullPointerException
at com.epam.atl2019cw10.testNG.DoubleSqrtTest.doubleSqrtTest(DoubleSqrtTest.java:9)
at com.epam.atl2019cw10.Runner.main(Runner.java:21)
... Removed 23 stack frames]]>
    </failure>
  </testcase> <!-- doubleSqrtTest -->
  <testcase classname="com.epam.atl2019cw10.testNG.DoubleSqrtTest" name="doubleSqrtTest" time="0.0">
    <failure type="java.lang.NullPointerException">
      <![CDATA[java.lang.NullPointerException
at com.epam.atl2019cw10.testNG.DoubleSqrtTest.doubleSqrtTest(DoubleSqrtTest.java:9)
at com.epam.atl2019cw10.Runner.main(Runner.java:21)
... Removed 23 stack frames]]>
    </failure>
  </testcase> <!-- doubleSqrtTest -->
  <testcase classname="com.epam.atl2019cw10.testNG.DoubleSqrtTest" name="doubleSqrtTest" time="0.0">
    <failure type="java.lang.NullPointerException">
      <![CDATA[java.lang.NullPointerException
at com.epam.atl2019cw10.testNG.DoubleSqrtTest.doubleSqrtTest(DoubleSqrtTest.java:9)
at com.epam.atl2019cw10.Runner.main(Runner.java:21)
... Removed 23 stack frames]]>
    </failure>
  </testcase> <!-- doubleSqrtTest -->
  <testcase classname="com.epam.atl2019cw10.testNG.DoubleTgTest" name="doubleTgTest" time="0.001">
    <failure type="java.lang.NullPointerException">
      <![CDATA[java.lang.NullPointerException
at com.epam.atl2019cw10.testNG.DoubleTgTest.doubleTgTest(DoubleTgTest.java:9)
at com.epam.atl2019cw10.Runner.main(Runner.java:21)
... Removed 23 stack frames]]>
    </failure>
  </testcase> <!-- doubleTgTest -->
  <testcase classname="com.epam.atl2019cw10.testNG.DoubleTgTest" name="doubleTgTest" time="0.0">
    <failure type="java.lang.NullPointerException">
      <![CDATA[java.lang.NullPointerException
at com.epam.atl2019cw10.testNG.DoubleTgTest.doubleTgTest(DoubleTgTest.java:9)
at com.epam.atl2019cw10.Runner.main(Runner.java:21)
... Removed 23 stack frames]]>
    </failure>
  </testcase> <!-- doubleTgTest -->
  <testcase classname="com.epam.atl2019cw10.testNG.DoubleTgTest" name="doubleTgTest" time="0.001">
    <failure type="java.lang.NullPointerException">
      <![CDATA[java.lang.NullPointerException
at com.epam.atl2019cw10.testNG.DoubleTgTest.doubleTgTest(DoubleTgTest.java:9)
at com.epam.atl2019cw10.Runner.main(Runner.java:21)
... Removed 23 stack frames]]>
    </failure>
  </testcase> <!-- doubleTgTest -->
  <testcase classname="com.epam.atl2019cw10.testNG.DoubleTgTest" name="doubleTgTest" time="0.0">
    <failure type="java.lang.NullPointerException">
      <![CDATA[java.lang.NullPointerException
at com.epam.atl2019cw10.testNG.DoubleTgTest.doubleTgTest(DoubleTgTest.java:9)
at com.epam.atl2019cw10.Runner.main(Runner.java:21)
... Removed 23 stack frames]]>
    </failure>
  </testcase> <!-- doubleTgTest -->
  <testcase classname="com.epam.atl2019cw10.testNG.DoubleTgTest" name="doubleTgTest" time="0.0">
    <failure type="java.lang.NullPointerException">
      <![CDATA[java.lang.NullPointerException
at com.epam.atl2019cw10.testNG.DoubleTgTest.doubleTgTest(DoubleTgTest.java:9)
at com.epam.atl2019cw10.Runner.main(Runner.java:21)
... Removed 23 stack frames]]>
    </failure>
  </testcase> <!-- doubleTgTest -->
  <testcase classname="com.epam.atl2019cw10.testNG.DoubleTgTest" name="doubleTgTest" time="0.001">
    <failure type="java.lang.NullPointerException">
      <![CDATA[java.lang.NullPointerException
at com.epam.atl2019cw10.testNG.DoubleTgTest.doubleTgTest(DoubleTgTest.java:9)
at com.epam.atl2019cw10.Runner.main(Runner.java:21)
... Removed 23 stack frames]]>
    </failure>
  </testcase> <!-- doubleTgTest -->
  <testcase classname="com.epam.atl2019cw10.testNG.DoubleTgTest" name="doubleTgTest" time="0.0">
    <failure type="java.lang.NullPointerException">
      <![CDATA[java.lang.NullPointerException
at com.epam.atl2019cw10.testNG.DoubleTgTest.doubleTgTest(DoubleTgTest.java:9)
at com.epam.atl2019cw10.Runner.main(Runner.java:21)
... Removed 23 stack frames]]>
    </failure>
  </testcase> <!-- doubleTgTest -->
  <testcase classname="com.epam.atl2019cw10.testNG.IsNegativeLongTest" name="isNegativeLongTest" time="0.0">
    <failure type="java.lang.NullPointerException">
      <![CDATA[java.lang.NullPointerException
at com.epam.atl2019cw10.testNG.IsNegativeLongTest.isNegativeLongTest(IsNegativeLongTest.java:10)
at com.epam.atl2019cw10.Runner.main(Runner.java:21)
... Removed 23 stack frames]]>
    </failure>
  </testcase> <!-- isNegativeLongTest -->
  <testcase classname="com.epam.atl2019cw10.testNG.IsNegativeLongTest" name="isNegativeLongTest" time="0.0">
    <failure type="java.lang.NullPointerException">
      <![CDATA[java.lang.NullPointerException
at com.epam.atl2019cw10.testNG.IsNegativeLongTest.isNegativeLongTest(IsNegativeLongTest.java:10)
at com.epam.atl2019cw10.Runner.main(Runner.java:21)
... Removed 23 stack frames]]>
    </failure>
  </testcase> <!-- isNegativeLongTest -->
  <testcase classname="com.epam.atl2019cw10.testNG.IsNegativeLongTest" name="isNegativeLongTest" time="0.0">
    <failure type="java.lang.NullPointerException">
      <![CDATA[java.lang.NullPointerException
at com.epam.atl2019cw10.testNG.IsNegativeLongTest.isNegativeLongTest(IsNegativeLongTest.java:10)
at com.epam.atl2019cw10.Runner.main(Runner.java:21)
... Removed 23 stack frames]]>
    </failure>
  </testcase> <!-- isNegativeLongTest -->
  <testcase classname="com.epam.atl2019cw10.testNG.IsNegativeLongTest" name="isNegativeLongTest" time="0.001">
    <failure type="java.lang.NullPointerException">
      <![CDATA[java.lang.NullPointerException
at com.epam.atl2019cw10.testNG.IsNegativeLongTest.isNegativeLongTest(IsNegativeLongTest.java:10)
at com.epam.atl2019cw10.Runner.main(Runner.java:21)
... Removed 23 stack frames]]>
    </failure>
  </testcase> <!-- isNegativeLongTest -->
  <testcase classname="com.epam.atl2019cw10.testNG.IsNegativeLongTest" name="isNegativeLongTest" time="0.0">
    <failure type="java.lang.NullPointerException">
      <![CDATA[java.lang.NullPointerException
at com.epam.atl2019cw10.testNG.IsNegativeLongTest.isNegativeLongTest(IsNegativeLongTest.java:10)
at com.epam.atl2019cw10.Runner.main(Runner.java:21)
... Removed 23 stack frames]]>
    </failure>
  </testcase> <!-- isNegativeLongTest -->
  <testcase classname="com.epam.atl2019cw10.testNG.IsNegativeLongTest" name="isNegativeLongTest" time="0.0">
    <failure type="java.lang.NullPointerException">
      <![CDATA[java.lang.NullPointerException
at com.epam.atl2019cw10.testNG.IsNegativeLongTest.isNegativeLongTest(IsNegativeLongTest.java:10)
at com.epam.atl2019cw10.Runner.main(Runner.java:21)
... Removed 23 stack frames]]>
    </failure>
  </testcase> <!-- isNegativeLongTest -->
  <testcase classname="com.epam.atl2019cw10.testNG.IsNegativeLongTest" name="isNegativeLongTest" time="0.0">
    <failure type="java.lang.NullPointerException">
      <![CDATA[java.lang.NullPointerException
at com.epam.atl2019cw10.testNG.IsNegativeLongTest.isNegativeLongTest(IsNegativeLongTest.java:10)
at com.epam.atl2019cw10.Runner.main(Runner.java:21)
... Removed 23 stack frames]]>
    </failure>
  </testcase> <!-- isNegativeLongTest -->
  <testcase classname="com.epam.atl2019cw10.testNG.IsNegativeLongTest" name="isNegativeLongTest" time="0.0">
    <failure type="java.lang.NullPointerException">
      <![CDATA[java.lang.NullPointerException
at com.epam.atl2019cw10.testNG.IsNegativeLongTest.isNegativeLongTest(IsNegativeLongTest.java:10)
at com.epam.atl2019cw10.Runner.main(Runner.java:21)
... Removed 23 stack frames]]>
    </failure>
  </testcase> <!-- isNegativeLongTest -->
  <testcase classname="com.epam.atl2019cw10.testNG.IsPositiveLongTest" name="isPositiveLongTest" time="0.001">
    <failure type="java.lang.NullPointerException">
      <![CDATA[java.lang.NullPointerException
at com.epam.atl2019cw10.testNG.IsPositiveLongTest.isPositiveLongTest(IsPositiveLongTest.java:9)
at com.epam.atl2019cw10.Runner.main(Runner.java:21)
... Removed 23 stack frames]]>
    </failure>
  </testcase> <!-- isPositiveLongTest -->
  <testcase classname="com.epam.atl2019cw10.testNG.IsPositiveLongTest" name="isPositiveLongTest" time="0.0">
    <failure type="java.lang.NullPointerException">
      <![CDATA[java.lang.NullPointerException
at com.epam.atl2019cw10.testNG.IsPositiveLongTest.isPositiveLongTest(IsPositiveLongTest.java:9)
at com.epam.atl2019cw10.Runner.main(Runner.java:21)
... Removed 23 stack frames]]>
    </failure>
  </testcase> <!-- isPositiveLongTest -->
  <testcase classname="com.epam.atl2019cw10.testNG.IsPositiveLongTest" name="isPositiveLongTest" time="0.0">
    <failure type="java.lang.NullPointerException">
      <![CDATA[java.lang.NullPointerException
at com.epam.atl2019cw10.testNG.IsPositiveLongTest.isPositiveLongTest(IsPositiveLongTest.java:9)
at com.epam.atl2019cw10.Runner.main(Runner.java:21)
... Removed 23 stack frames]]>
    </failure>
  </testcase> <!-- isPositiveLongTest -->
  <testcase classname="com.epam.atl2019cw10.testNG.IsPositiveLongTest" name="isPositiveLongTest" time="0.0">
    <failure type="java.lang.NullPointerException">
      <![CDATA[java.lang.NullPointerException
at com.epam.atl2019cw10.testNG.IsPositiveLongTest.isPositiveLongTest(IsPositiveLongTest.java:9)
at com.epam.atl2019cw10.Runner.main(Runner.java:21)
... Removed 23 stack frames]]>
    </failure>
  </testcase> <!-- isPositiveLongTest -->
  <testcase classname="com.epam.atl2019cw10.testNG.IsPositiveLongTest" name="isPositiveLongTest" time="0.001">
    <failure type="java.lang.NullPointerException">
      <![CDATA[java.lang.NullPointerException
at com.epam.atl2019cw10.testNG.IsPositiveLongTest.isPositiveLongTest(IsPositiveLongTest.java:9)
at com.epam.atl2019cw10.Runner.main(Runner.java:21)
... Removed 23 stack frames]]>
    </failure>
  </testcase> <!-- isPositiveLongTest -->
  <testcase classname="com.epam.atl2019cw10.testNG.IsPositiveLongTest" name="isPositiveLongTest" time="0.0">
    <failure type="java.lang.NullPointerException">
      <![CDATA[java.lang.NullPointerException
at com.epam.atl2019cw10.testNG.IsPositiveLongTest.isPositiveLongTest(IsPositiveLongTest.java:9)
at com.epam.atl2019cw10.Runner.main(Runner.java:21)
... Removed 23 stack frames]]>
    </failure>
  </testcase> <!-- isPositiveLongTest -->
  <testcase classname="com.epam.atl2019cw10.testNG.IsPositiveLongTest" name="isPositiveLongTest" time="0.0">
    <failure type="java.lang.NullPointerException">
      <![CDATA[java.lang.NullPointerException
at com.epam.atl2019cw10.testNG.IsPositiveLongTest.isPositiveLongTest(IsPositiveLongTest.java:9)
at com.epam.atl2019cw10.Runner.main(Runner.java:21)
... Removed 23 stack frames]]>
    </failure>
  </testcase> <!-- isPositiveLongTest -->
  <testcase classname="com.epam.atl2019cw10.testNG.IsPositiveLongTest" name="isPositiveLongTest" time="0.0">
    <failure type="java.lang.NullPointerException">
      <![CDATA[java.lang.NullPointerException
at com.epam.atl2019cw10.testNG.IsPositiveLongTest.isPositiveLongTest(IsPositiveLongTest.java:9)
at com.epam.atl2019cw10.Runner.main(Runner.java:21)
... Removed 23 stack frames]]>
    </failure>
  </testcase> <!-- isPositiveLongTest -->
  <testcase classname="com.epam.atl2019cw10.testNG.MultDoubleTypesTest" name="multDoubleTest" time="0.001">
    <failure type="java.lang.NullPointerException">
      <![CDATA[java.lang.NullPointerException
at com.epam.atl2019cw10.testNG.MultDoubleTypesTest.multDoubleTest(MultDoubleTypesTest.java:8)
at com.epam.atl2019cw10.Runner.main(Runner.java:21)
... Removed 23 stack frames]]>
    </failure>
  </testcase> <!-- multDoubleTest -->
  <testcase classname="com.epam.atl2019cw10.testNG.MultDoubleTypesTest" name="multDoubleTest" time="0.0">
    <failure type="java.lang.NullPointerException">
      <![CDATA[java.lang.NullPointerException
at com.epam.atl2019cw10.testNG.MultDoubleTypesTest.multDoubleTest(MultDoubleTypesTest.java:8)
at com.epam.atl2019cw10.Runner.main(Runner.java:21)
... Removed 23 stack frames]]>
    </failure>
  </testcase> <!-- multDoubleTest -->
  <testcase classname="com.epam.atl2019cw10.testNG.MultDoubleTypesTest" name="multDoubleTest" time="0.0">
    <failure type="java.lang.NullPointerException">
      <![CDATA[java.lang.NullPointerException
at com.epam.atl2019cw10.testNG.MultDoubleTypesTest.multDoubleTest(MultDoubleTypesTest.java:8)
at com.epam.atl2019cw10.Runner.main(Runner.java:21)
... Removed 23 stack frames]]>
    </failure>
  </testcase> <!-- multDoubleTest -->
  <testcase classname="com.epam.atl2019cw10.testNG.MultDoubleTypesTest" name="multDoubleTest" time="0.0">
    <failure type="java.lang.NullPointerException">
      <![CDATA[java.lang.NullPointerException
at com.epam.atl2019cw10.testNG.MultDoubleTypesTest.multDoubleTest(MultDoubleTypesTest.java:8)
at com.epam.atl2019cw10.Runner.main(Runner.java:21)
... Removed 23 stack frames]]>
    </failure>
  </testcase> <!-- multDoubleTest -->
  <testcase classname="com.epam.atl2019cw10.testNG.MultDoubleTypesTest" name="multDoubleTest" time="0.0">
    <failure type="java.lang.NullPointerException">
      <![CDATA[java.lang.NullPointerException
at com.epam.atl2019cw10.testNG.MultDoubleTypesTest.multDoubleTest(MultDoubleTypesTest.java:8)
at com.epam.atl2019cw10.Runner.main(Runner.java:21)
... Removed 23 stack frames]]>
    </failure>
  </testcase> <!-- multDoubleTest -->
  <testcase classname="com.epam.atl2019cw10.testNG.MultDoubleTypesTest" name="multDoubleTest" time="0.0">
    <failure type="java.lang.NullPointerException">
      <![CDATA[java.lang.NullPointerException
at com.epam.atl2019cw10.testNG.MultDoubleTypesTest.multDoubleTest(MultDoubleTypesTest.java:8)
at com.epam.atl2019cw10.Runner.main(Runner.java:21)
... Removed 23 stack frames]]>
    </failure>
  </testcase> <!-- multDoubleTest -->
  <testcase classname="com.epam.atl2019cw10.testNG.MultDoubleTypesTest" name="multDoubleTest" time="0.0">
    <failure type="java.lang.NullPointerException">
      <![CDATA[java.lang.NullPointerException
at com.epam.atl2019cw10.testNG.MultDoubleTypesTest.multDoubleTest(MultDoubleTypesTest.java:8)
at com.epam.atl2019cw10.Runner.main(Runner.java:21)
... Removed 23 stack frames]]>
    </failure>
  </testcase> <!-- multDoubleTest -->
  <testcase classname="com.epam.atl2019cw10.testNG.MultDoubleTypesTest" name="multDoubleTest" time="0.0">
    <failure type="java.lang.NullPointerException">
      <![CDATA[java.lang.NullPointerException
at com.epam.atl2019cw10.testNG.MultDoubleTypesTest.multDoubleTest(MultDoubleTypesTest.java:8)
at com.epam.atl2019cw10.Runner.main(Runner.java:21)
... Removed 23 stack frames]]>
    </failure>
  </testcase> <!-- multDoubleTest -->
  <testcase classname="com.epam.atl2019cw10.testNG.MultDoubleTypesTest" name="multDoubleTest" time="0.0">
    <failure type="java.lang.NullPointerException">
      <![CDATA[java.lang.NullPointerException
at com.epam.atl2019cw10.testNG.MultDoubleTypesTest.multDoubleTest(MultDoubleTypesTest.java:8)
at com.epam.atl2019cw10.Runner.main(Runner.java:21)
... Removed 23 stack frames]]>
    </failure>
  </testcase> <!-- multDoubleTest -->
  <testcase classname="com.epam.atl2019cw10.testNG.MultDoubleTypesTest" name="multDoubleTest" time="0.0">
    <failure type="java.lang.NullPointerException">
      <![CDATA[java.lang.NullPointerException
at com.epam.atl2019cw10.testNG.MultDoubleTypesTest.multDoubleTest(MultDoubleTypesTest.java:8)
at com.epam.atl2019cw10.Runner.main(Runner.java:21)
... Removed 23 stack frames]]>
    </failure>
  </testcase> <!-- multDoubleTest -->
  <testcase classname="com.epam.atl2019cw10.testNG.MultDoubleTypesTest" name="multDoubleTest" time="0.0">
    <failure type="java.lang.NullPointerException">
      <![CDATA[java.lang.NullPointerException
at com.epam.atl2019cw10.testNG.MultDoubleTypesTest.multDoubleTest(MultDoubleTypesTest.java:8)
at com.epam.atl2019cw10.Runner.main(Runner.java:21)
... Removed 23 stack frames]]>
    </failure>
  </testcase> <!-- multDoubleTest -->
  <testcase classname="com.epam.atl2019cw10.testNG.MultDoubleTypesTest" name="multDoubleTest" time="0.0">
    <failure type="java.lang.NullPointerException">
      <![CDATA[java.lang.NullPointerException
at com.epam.atl2019cw10.testNG.MultDoubleTypesTest.multDoubleTest(MultDoubleTypesTest.java:8)
at com.epam.atl2019cw10.Runner.main(Runner.java:21)
... Removed 23 stack frames]]>
    </failure>
  </testcase> <!-- multDoubleTest -->
  <testcase classname="com.epam.atl2019cw10.testNG.MultDoubleTypesTest" name="multDoubleTest" time="0.0">
    <failure type="java.lang.NullPointerException">
      <![CDATA[java.lang.NullPointerException
at com.epam.atl2019cw10.testNG.MultDoubleTypesTest.multDoubleTest(MultDoubleTypesTest.java:8)
at com.epam.atl2019cw10.Runner.main(Runner.java:21)
... Removed 23 stack frames]]>
    </failure>
  </testcase> <!-- multDoubleTest -->
  <testcase classname="com.epam.atl2019cw10.testNG.MultDoubleTypesTest" name="multDoubleTest" time="0.0">
    <failure type="java.lang.NullPointerException">
      <![CDATA[java.lang.NullPointerException
at com.epam.atl2019cw10.testNG.MultDoubleTypesTest.multDoubleTest(MultDoubleTypesTest.java:8)
at com.epam.atl2019cw10.Runner.main(Runner.java:21)
... Removed 23 stack frames]]>
    </failure>
  </testcase> <!-- multDoubleTest -->
  <testcase classname="com.epam.atl2019cw10.testNG.MultDoubleTypesTest" name="multDoubleTest" time="0.0">
    <failure type="java.lang.NullPointerException">
      <![CDATA[java.lang.NullPointerException
at com.epam.atl2019cw10.testNG.MultDoubleTypesTest.multDoubleTest(MultDoubleTypesTest.java:8)
at com.epam.atl2019cw10.Runner.main(Runner.java:21)
... Removed 23 stack frames]]>
    </failure>
  </testcase> <!-- multDoubleTest -->
  <testcase classname="com.epam.atl2019cw10.testNG.MultDoubleTypesTest" name="multDoubleTest" time="0.005">
    <failure type="java.lang.NullPointerException">
      <![CDATA[java.lang.NullPointerException
at com.epam.atl2019cw10.testNG.MultDoubleTypesTest.multDoubleTest(MultDoubleTypesTest.java:8)
at com.epam.atl2019cw10.Runner.main(Runner.java:21)
... Removed 23 stack frames]]>
    </failure>
  </testcase> <!-- multDoubleTest -->
  <testcase classname="com.epam.atl2019cw10.testNG.MultDoubleTypesTest" name="multDoubleTest" time="0.0">
    <failure type="java.lang.NullPointerException">
      <![CDATA[java.lang.NullPointerException
at com.epam.atl2019cw10.testNG.MultDoubleTypesTest.multDoubleTest(MultDoubleTypesTest.java:8)
at com.epam.atl2019cw10.Runner.main(Runner.java:21)
... Removed 22 stack frames]]>
    </failure>
  </testcase> <!-- multDoubleTest -->
  <testcase classname="com.epam.atl2019cw10.testNG.MultDoubleTypesTest" name="multDoubleTest" time="0.0">
    <failure type="java.lang.NullPointerException">
      <![CDATA[java.lang.NullPointerException
at com.epam.atl2019cw10.testNG.MultDoubleTypesTest.multDoubleTest(MultDoubleTypesTest.java:8)
at com.epam.atl2019cw10.Runner.main(Runner.java:21)
... Removed 22 stack frames]]>
    </failure>
  </testcase> <!-- multDoubleTest -->
  <testcase classname="com.epam.atl2019cw10.testNG.MultDoubleTypesTest" name="multDoubleTest" time="0.001">
    <failure type="java.lang.NullPointerException">
      <![CDATA[java.lang.NullPointerException
at com.epam.atl2019cw10.testNG.MultDoubleTypesTest.multDoubleTest(MultDoubleTypesTest.java:8)
at com.epam.atl2019cw10.Runner.main(Runner.java:21)
... Removed 22 stack frames]]>
    </failure>
  </testcase> <!-- multDoubleTest -->
  <testcase classname="com.epam.atl2019cw10.testNG.MultDoubleTypesTest" name="multDoubleTest" time="0.0">
    <failure type="java.lang.NullPointerException">
      <![CDATA[java.lang.NullPointerException
at com.epam.atl2019cw10.testNG.MultDoubleTypesTest.multDoubleTest(MultDoubleTypesTest.java:8)
at com.epam.atl2019cw10.Runner.main(Runner.java:21)
... Removed 22 stack frames]]>
    </failure>
  </testcase> <!-- multDoubleTest -->
  <testcase classname="com.epam.atl2019cw10.testNG.MultDoubleTypesTest" name="multDoubleTest" time="0.0">
    <failure type="java.lang.NullPointerException">
      <![CDATA[java.lang.NullPointerException
at com.epam.atl2019cw10.testNG.MultDoubleTypesTest.multDoubleTest(MultDoubleTypesTest.java:8)
at com.epam.atl2019cw10.Runner.main(Runner.java:21)
... Removed 22 stack frames]]>
    </failure>
  </testcase> <!-- multDoubleTest -->
  <testcase classname="com.epam.atl2019cw10.testNG.MultDoubleTypesTest" name="multDoubleTest" time="0.001">
    <failure type="java.lang.NullPointerException">
      <![CDATA[java.lang.NullPointerException
at com.epam.atl2019cw10.testNG.MultDoubleTypesTest.multDoubleTest(MultDoubleTypesTest.java:8)
at com.epam.atl2019cw10.Runner.main(Runner.java:21)
... Removed 22 stack frames]]>
    </failure>
  </testcase> <!-- multDoubleTest -->
  <testcase classname="com.epam.atl2019cw10.testNG.MultDoubleTypesTest" name="multDoubleTest" time="0.0">
    <failure type="java.lang.NullPointerException">
      <![CDATA[java.lang.NullPointerException
at com.epam.atl2019cw10.testNG.MultDoubleTypesTest.multDoubleTest(MultDoubleTypesTest.java:8)
at com.epam.atl2019cw10.Runner.main(Runner.java:21)
... Removed 22 stack frames]]>
    </failure>
  </testcase> <!-- multDoubleTest -->
  <testcase classname="com.epam.atl2019cw10.testNG.MultDoubleTypesTest" name="multDoubleTest" time="0.0">
    <failure type="java.lang.NullPointerException">
      <![CDATA[java.lang.NullPointerException
at com.epam.atl2019cw10.testNG.MultDoubleTypesTest.multDoubleTest(MultDoubleTypesTest.java:8)
at com.epam.atl2019cw10.Runner.main(Runner.java:21)
... Removed 22 stack frames]]>
    </failure>
  </testcase> <!-- multDoubleTest -->
  <testcase classname="com.epam.atl2019cw10.testNG.MultDoubleTypesTest" name="multDoubleTest" time="0.0">
    <failure type="java.lang.NullPointerException">
      <![CDATA[java.lang.NullPointerException
at com.epam.atl2019cw10.testNG.MultDoubleTypesTest.multDoubleTest(MultDoubleTypesTest.java:8)
at com.epam.atl2019cw10.Runner.main(Runner.java:21)
... Removed 22 stack frames]]>
    </failure>
  </testcase> <!-- multDoubleTest -->
  <testcase classname="com.epam.atl2019cw10.testNG.MultDoubleTypesTest" name="multDoubleTest" time="0.001">
    <failure type="java.lang.NullPointerException">
      <![CDATA[java.lang.NullPointerException
at com.epam.atl2019cw10.testNG.MultDoubleTypesTest.multDoubleTest(MultDoubleTypesTest.java:8)
at com.epam.atl2019cw10.Runner.main(Runner.java:21)
... Removed 22 stack frames]]>
    </failure>
  </testcase> <!-- multDoubleTest -->
  <testcase classname="com.epam.atl2019cw10.testNG.MultDoubleTypesTest" name="multDoubleTest" time="0.0">
    <failure type="java.lang.NullPointerException">
      <![CDATA[java.lang.NullPointerException
at com.epam.atl2019cw10.testNG.MultDoubleTypesTest.multDoubleTest(MultDoubleTypesTest.java:8)
at com.epam.atl2019cw10.Runner.main(Runner.java:21)
... Removed 22 stack frames]]>
    </failure>
  </testcase> <!-- multDoubleTest -->
  <testcase classname="com.epam.atl2019cw10.testNG.MultDoubleTypesTest" name="multDoubleTest" time="0.0">
    <failure type="java.lang.NullPointerException">
      <![CDATA[java.lang.NullPointerException
at com.epam.atl2019cw10.testNG.MultDoubleTypesTest.multDoubleTest(MultDoubleTypesTest.java:8)
at com.epam.atl2019cw10.Runner.main(Runner.java:21)
... Removed 22 stack frames]]>
    </failure>
  </testcase> <!-- multDoubleTest -->
  <testcase classname="com.epam.atl2019cw10.testNG.MultDoubleTypesTest" name="multDoubleTest" time="0.0">
    <failure type="java.lang.NullPointerException">
      <![CDATA[java.lang.NullPointerException
at com.epam.atl2019cw10.testNG.MultDoubleTypesTest.multDoubleTest(MultDoubleTypesTest.java:8)
at com.epam.atl2019cw10.Runner.main(Runner.java:21)
... Removed 22 stack frames]]>
    </failure>
  </testcase> <!-- multDoubleTest -->
  <testcase classname="com.epam.atl2019cw10.testNG.MultDoubleTypesTest" name="multDoubleTest" time="0.0">
    <failure type="java.lang.NullPointerException">
      <![CDATA[java.lang.NullPointerException
at com.epam.atl2019cw10.testNG.MultDoubleTypesTest.multDoubleTest(MultDoubleTypesTest.java:8)
at com.epam.atl2019cw10.Runner.main(Runner.java:21)
... Removed 22 stack frames]]>
    </failure>
  </testcase> <!-- multDoubleTest -->
  <testcase classname="com.epam.atl2019cw10.testNG.MultDoubleTypesTest" name="multDoubleTest" time="0.0">
    <failure type="java.lang.NullPointerException">
      <![CDATA[java.lang.NullPointerException
at com.epam.atl2019cw10.testNG.MultDoubleTypesTest.multDoubleTest(MultDoubleTypesTest.java:8)
at com.epam.atl2019cw10.Runner.main(Runner.java:21)
... Removed 22 stack frames]]>
    </failure>
  </testcase> <!-- multDoubleTest -->
  <testcase classname="com.epam.atl2019cw10.testNG.MultLongTypesTest" name="multLongTest" time="0.001">
    <failure type="java.lang.NullPointerException">
      <![CDATA[java.lang.NullPointerException
at com.epam.atl2019cw10.testNG.MultLongTypesTest.multLongTest(MultLongTypesTest.java:9)
at com.epam.atl2019cw10.Runner.main(Runner.java:21)
... Removed 23 stack frames]]>
    </failure>
  </testcase> <!-- multLongTest -->
  <testcase classname="com.epam.atl2019cw10.testNG.MultLongTypesTest" name="multLongTest" time="0.0">
    <failure type="java.lang.NullPointerException">
      <![CDATA[java.lang.NullPointerException
at com.epam.atl2019cw10.testNG.MultLongTypesTest.multLongTest(MultLongTypesTest.java:9)
at com.epam.atl2019cw10.Runner.main(Runner.java:21)
... Removed 23 stack frames]]>
    </failure>
  </testcase> <!-- multLongTest -->
  <testcase classname="com.epam.atl2019cw10.testNG.MultLongTypesTest" name="multLongTest" time="0.0">
    <failure type="java.lang.NullPointerException">
      <![CDATA[java.lang.NullPointerException
at com.epam.atl2019cw10.testNG.MultLongTypesTest.multLongTest(MultLongTypesTest.java:9)
at com.epam.atl2019cw10.Runner.main(Runner.java:21)
... Removed 23 stack frames]]>
    </failure>
  </testcase> <!-- multLongTest -->
  <testcase classname="com.epam.atl2019cw10.testNG.MultLongTypesTest" name="multLongTest" time="0.0">
    <failure type="java.lang.NullPointerException">
      <![CDATA[java.lang.NullPointerException
at com.epam.atl2019cw10.testNG.MultLongTypesTest.multLongTest(MultLongTypesTest.java:9)
at com.epam.atl2019cw10.Runner.main(Runner.java:21)
... Removed 23 stack frames]]>
    </failure>
  </testcase> <!-- multLongTest -->
  <testcase classname="com.epam.atl2019cw10.testNG.MultLongTypesTest" name="multLongTest" time="0.0">
    <failure type="java.lang.NullPointerException">
      <![CDATA[java.lang.NullPointerException
at com.epam.atl2019cw10.testNG.MultLongTypesTest.multLongTest(MultLongTypesTest.java:9)
at com.epam.atl2019cw10.Runner.main(Runner.java:21)
... Removed 23 stack frames]]>
    </failure>
  </testcase> <!-- multLongTest -->
  <testcase classname="com.epam.atl2019cw10.testNG.MultLongTypesTest" name="multLongTest" time="0.0">
    <failure type="java.lang.NullPointerException">
      <![CDATA[java.lang.NullPointerException
at com.epam.atl2019cw10.testNG.MultLongTypesTest.multLongTest(MultLongTypesTest.java:9)
at com.epam.atl2019cw10.Runner.main(Runner.java:21)
... Removed 23 stack frames]]>
    </failure>
  </testcase> <!-- multLongTest -->
  <testcase classname="com.epam.atl2019cw10.testNG.MultLongTypesTest" name="multLongTest" time="0.0">
    <failure type="java.lang.NullPointerException">
      <![CDATA[java.lang.NullPointerException
at com.epam.atl2019cw10.testNG.MultLongTypesTest.multLongTest(MultLongTypesTest.java:9)
at com.epam.atl2019cw10.Runner.main(Runner.java:21)
... Removed 23 stack frames]]>
    </failure>
  </testcase> <!-- multLongTest -->
  <testcase classname="com.epam.atl2019cw10.testNG.MultLongTypesTest" name="multLongTest" time="0.0">
    <failure type="java.lang.NullPointerException">
      <![CDATA[java.lang.NullPointerException
at com.epam.atl2019cw10.testNG.MultLongTypesTest.multLongTest(MultLongTypesTest.java:9)
at com.epam.atl2019cw10.Runner.main(Runner.java:21)
... Removed 23 stack frames]]>
    </failure>
  </testcase> <!-- multLongTest -->
  <testcase classname="com.epam.atl2019cw10.testNG.MultLongTypesTest" name="multLongTest" time="0.0">
    <failure type="java.lang.NullPointerException">
      <![CDATA[java.lang.NullPointerException
at com.epam.atl2019cw10.testNG.MultLongTypesTest.multLongTest(MultLongTypesTest.java:9)
at com.epam.atl2019cw10.Runner.main(Runner.java:21)
... Removed 23 stack frames]]>
    </failure>
  </testcase> <!-- multLongTest -->
  <testcase classname="com.epam.atl2019cw10.testNG.MultLongTypesTest" name="multLongTest" time="0.0">
    <failure type="java.lang.NullPointerException">
      <![CDATA[java.lang.NullPointerException
at com.epam.atl2019cw10.testNG.MultLongTypesTest.multLongTest(MultLongTypesTest.java:9)
at com.epam.atl2019cw10.Runner.main(Runner.java:21)
... Removed 23 stack frames]]>
    </failure>
  </testcase> <!-- multLongTest -->
  <testcase classname="com.epam.atl2019cw10.testNG.MultLongTypesTest" name="multLongTest" time="0.0">
    <failure type="java.lang.NullPointerException">
      <![CDATA[java.lang.NullPointerException
at com.epam.atl2019cw10.testNG.MultLongTypesTest.multLongTest(MultLongTypesTest.java:9)
at com.epam.atl2019cw10.Runner.main(Runner.java:21)
... Removed 23 stack frames]]>
    </failure>
  </testcase> <!-- multLongTest -->
  <testcase classname="com.epam.atl2019cw10.testNG.MultLongTypesTest" name="multLongTest" time="0.0">
    <failure type="java.lang.NullPointerException">
      <![CDATA[java.lang.NullPointerException
at com.epam.atl2019cw10.testNG.MultLongTypesTest.multLongTest(MultLongTypesTest.java:9)
at com.epam.atl2019cw10.Runner.main(Runner.java:21)
... Removed 23 stack frames]]>
    </failure>
  </testcase> <!-- multLongTest -->
  <testcase classname="com.epam.atl2019cw10.testNG.MultLongTypesTest" name="multLongTest" time="0.0">
    <failure type="java.lang.NullPointerException">
      <![CDATA[java.lang.NullPointerException
at com.epam.atl2019cw10.testNG.MultLongTypesTest.multLongTest(MultLongTypesTest.java:9)
at com.epam.atl2019cw10.Runner.main(Runner.java:21)
... Removed 23 stack frames]]>
    </failure>
  </testcase> <!-- multLongTest -->
  <testcase classname="com.epam.atl2019cw10.testNG.MultLongTypesTest" name="multLongTest" time="0.0">
    <failure type="java.lang.NullPointerException">
      <![CDATA[java.lang.NullPointerException
at com.epam.atl2019cw10.testNG.MultLongTypesTest.multLongTest(MultLongTypesTest.java:9)
at com.epam.atl2019cw10.Runner.main(Runner.java:21)
... Removed 23 stack frames]]>
    </failure>
  </testcase> <!-- multLongTest -->
  <testcase classname="com.epam.atl2019cw10.testNG.MultLongTypesTest" name="multLongTest" time="0.0">
    <failure type="java.lang.NullPointerException">
      <![CDATA[java.lang.NullPointerException
at com.epam.atl2019cw10.testNG.MultLongTypesTest.multLongTest(MultLongTypesTest.java:9)
at com.epam.atl2019cw10.Runner.main(Runner.java:21)
... Removed 23 stack frames]]>
    </failure>
  </testcase> <!-- multLongTest -->
  <testcase classname="com.epam.atl2019cw10.testNG.SubDoubleTypesTest" name="subDoubleTest" time="0.0">
    <failure type="java.lang.NullPointerException">
      <![CDATA[java.lang.NullPointerException
at com.epam.atl2019cw10.testNG.SubDoubleTypesTest.subDoubleTest(SubDoubleTypesTest.java:10)
at com.epam.atl2019cw10.Runner.main(Runner.java:21)
... Removed 23 stack frames]]>
    </failure>
  </testcase> <!-- subDoubleTest -->
  <testcase classname="com.epam.atl2019cw10.testNG.SubDoubleTypesTest" name="subDoubleTest" time="0.0">
    <failure type="java.lang.NullPointerException">
      <![CDATA[java.lang.NullPointerException
at com.epam.atl2019cw10.testNG.SubDoubleTypesTest.subDoubleTest(SubDoubleTypesTest.java:10)
at com.epam.atl2019cw10.Runner.main(Runner.java:21)
... Removed 23 stack frames]]>
    </failure>
  </testcase> <!-- subDoubleTest -->
  <testcase classname="com.epam.atl2019cw10.testNG.SubDoubleTypesTest" name="subDoubleTest" time="0.0">
    <failure type="java.lang.NullPointerException">
      <![CDATA[java.lang.NullPointerException
at com.epam.atl2019cw10.testNG.SubDoubleTypesTest.subDoubleTest(SubDoubleTypesTest.java:10)
at com.epam.atl2019cw10.Runner.main(Runner.java:21)
... Removed 23 stack frames]]>
    </failure>
  </testcase> <!-- subDoubleTest -->
  <testcase classname="com.epam.atl2019cw10.testNG.SubDoubleTypesTest" name="subDoubleTest" time="0.0">
    <failure type="java.lang.NullPointerException">
      <![CDATA[java.lang.NullPointerException
at com.epam.atl2019cw10.testNG.SubDoubleTypesTest.subDoubleTest(SubDoubleTypesTest.java:10)
at com.epam.atl2019cw10.Runner.main(Runner.java:21)
... Removed 23 stack frames]]>
    </failure>
  </testcase> <!-- subDoubleTest -->
  <testcase classname="com.epam.atl2019cw10.testNG.SubDoubleTypesTest" name="subDoubleTest" time="0.0">
    <failure type="java.lang.NullPointerException">
      <![CDATA[java.lang.NullPointerException
at com.epam.atl2019cw10.testNG.SubDoubleTypesTest.subDoubleTest(SubDoubleTypesTest.java:10)
at com.epam.atl2019cw10.Runner.main(Runner.java:21)
... Removed 23 stack frames]]>
    </failure>
  </testcase> <!-- subDoubleTest -->
  <testcase classname="com.epam.atl2019cw10.testNG.SubDoubleTypesTest" name="subDoubleTest" time="0.0">
    <failure type="java.lang.NullPointerException">
      <![CDATA[java.lang.NullPointerException
at com.epam.atl2019cw10.testNG.SubDoubleTypesTest.subDoubleTest(SubDoubleTypesTest.java:10)
at com.epam.atl2019cw10.Runner.main(Runner.java:21)
... Removed 23 stack frames]]>
    </failure>
  </testcase> <!-- subDoubleTest -->
  <testcase classname="com.epam.atl2019cw10.testNG.SubDoubleTypesTest" name="subDoubleTest" time="0.0">
    <failure type="java.lang.NullPointerException">
      <![CDATA[java.lang.NullPointerException
at com.epam.atl2019cw10.testNG.SubDoubleTypesTest.subDoubleTest(SubDoubleTypesTest.java:10)
at com.epam.atl2019cw10.Runner.main(Runner.java:21)
... Removed 23 stack frames]]>
    </failure>
  </testcase> <!-- subDoubleTest -->
  <testcase classname="com.epam.atl2019cw10.testNG.SubDoubleTypesTest" name="subDoubleTest" time="0.006">
    <failure type="java.lang.NullPointerException">
      <![CDATA[java.lang.NullPointerException
at com.epam.atl2019cw10.testNG.SubDoubleTypesTest.subDoubleTest(SubDoubleTypesTest.java:10)
at com.epam.atl2019cw10.Runner.main(Runner.java:21)
... Removed 23 stack frames]]>
    </failure>
  </testcase> <!-- subDoubleTest -->
  <testcase classname="com.epam.atl2019cw10.testNG.SubDoubleTypesTest" name="subDoubleTest" time="0.0">
    <failure type="java.lang.NullPointerException">
      <![CDATA[java.lang.NullPointerException
[...]
    <failure type="java.lang.NullPointerException">
      <![CDATA[java.lang.NullPointerException
at com.epam.atl2019cw10.testNG.SubLongTypesTest.subLongTest(SubLongTypesTest.java:10)
at com.epam.atl2019cw10.Runner.main(Runner.java:21)
... Removed 23 stack frames]]>
    </failure>
  </testcase> <!-- subLongTest -->
  <testcase classname="com.epam.atl2019cw10.testNG.SumDoubleTypesTest" name="sumDoubleTest" time="0.0">
    <failure type="java.lang.NullPointerException">
      <![CDATA[java.lang.NullPointerException
at com.epam.atl2019cw10.testNG.SumDoubleTypesTest.sumDoubleTest(SumDoubleTypesTest.java:10)
at com.epam.atl2019cw10.Runner.main(Runner.java:21)
... Removed 23 stack frames]]>
    </failure>
  </testcase> <!-- sumDoubleTest -->
  <testcase classname="com.epam.atl2019cw10.testNG.SumDoubleTypesTest" name="sumDoubleTest" time="0.0">
    <failure type="java.lang.NullPointerException">
      <![CDATA[java.lang.NullPointerException
at com.epam.atl2019cw10.testNG.SumDoubleTypesTest.sumDoubleTest(SumDoubleTypesTest.java:10)
at com.epam.atl2019cw10.Runner.main(Runner.java:21)
... Removed 23 stack frames]]>
    </failure>
  </testcase> <!-- sumDoubleTest -->
  <testcase classname="com.epam.atl2019cw10.testNG.SumDoubleTypesTest" name="sumDoubleTest" time="0.001">
    <failure type="java.lang.NullPointerException">
      <![CDATA[java.lang.NullPointerException
at com.epam.atl2019cw10.testNG.SumDoubleTypesTest.sumDoubleTest(SumDoubleTypesTest.java:10)
at com.epam.atl2019cw10.Runner.main(Runner.java:21)
... Removed 23 stack frames]]>
    </failure>
  </testcase> <!-- sumDoubleTest -->
  <testcase classname="com.epam.atl2019cw10.testNG.SumDoubleTypesTest" name="sumDoubleTest" time="0.0">
    <failure type="java.lang.NullPointerException">
      <![CDATA[java.lang.NullPointerException
at com.epam.atl2019cw10.testNG.SumDoubleTypesTest.sumDoubleTest(SumDoubleTypesTest.java:10)
at com.epam.atl2019cw10.Runner.main(Runner.java:21)
... Removed 23 stack frames]]>
    </failure>
  </testcase> <!-- sumDoubleTest -->
  <testcase classname="com.epam.atl2019cw10.testNG.SumDoubleTypesTest" name="sumDoubleTest" time="0.0">
    <failure type="java.lang.NullPointerException">
      <![CDATA[java.lang.NullPointerException
at com.epam.atl2019cw10.testNG.SumDoubleTypesTest.sumDoubleTest(SumDoubleTypesTest.java:10)
at com.epam.atl2019cw10.Runner.main(Runner.java:21)
... Removed 23 stack frames]]>
    </failure>
  </testcase> <!-- sumDoubleTest -->
  <testcase classname="com.epam.atl2019cw10.testNG.SumDoubleTypesTest" name="sumDoubleTest" time="0.0">
    <failure type="java.lang.NullPointerException">
      <![CDATA[java.lang.NullPointerException
at com.epam.atl2019cw10.testNG.SumDoubleTypesTest.sumDoubleTest(SumDoubleTypesTest.java:10)
at com.epam.atl2019cw10.Runner.main(Runner.java:21)
... Removed 23 stack frames]]>
    </failure>
  </testcase> <!-- sumDoubleTest -->
  <testcase classname="com.epam.atl2019cw10.testNG.SumDoubleTypesTest" name="sumDoubleTest" time="0.0">
    <failure type="java.lang.NullPointerException">
      <![CDATA[java.lang.NullPointerException
at com.epam.atl2019cw10.testNG.SumDoubleTypesTest.sumDoubleTest(SumDoubleTypesTest.java:10)
at com.epam.atl2019cw10.Runner.main(Runner.java:21)
... Removed 23 stack frames]]>
    </failure>
  </testcase> <!-- sumDoubleTest -->
  <testcase classname="com.epam.atl2019cw10.testNG.SumDoubleTypesTest" name="sumDoubleTest" time="0.0">
    <failure type="java.lang.NullPointerException">
      <![CDATA[java.lang.NullPointerException
at com.epam.atl2019cw10.testNG.SumDoubleTypesTest.sumDoubleTest(SumDoubleTypesTest.java:10)
at com.epam.atl2019cw10.Runner.main(Runner.java:21)
... Removed 23 stack frames]]>
    </failure>
  </testcase> <!-- sumDoubleTest -->
  <testcase classname="com.epam.atl2019cw10.testNG.SumDoubleTypesTest" name="sumDoubleTest" time="0.0">
    <failure type="java.lang.NullPointerException">
      <![CDATA[java.lang.NullPointerException
at com.epam.atl2019cw10.testNG.SumDoubleTypesTest.sumDoubleTest(SumDoubleTypesTest.java:10)
at com.epam.atl2019cw10.Runner.main(Runner.java:21)
... Removed 23 stack frames]]>
    </failure>
  </testcase> <!-- sumDoubleTest -->
  <testcase classname="com.epam.atl2019cw10.testNG.SumDoubleTypesTest" name="sumDoubleTest" time="0.001">
    <failure type="java.lang.NullPointerException">
      <![CDATA[java.lang.NullPointerException
at com.epam.atl2019cw10.testNG.SumDoubleTypesTest.sumDoubleTest(SumDoubleTypesTest.java:10)
at com.epam.atl2019cw10.Runner.main(Runner.java:21)
... Removed 23 stack frames]]>
    </failure>
  </testcase> <!-- sumDoubleTest -->
  <testcase classname="com.epam.atl2019cw10.testNG.SumDoubleTypesTest" name="sumDoubleTest" time="0.0">
    <failure type="java.lang.NullPointerException">
      <![CDATA[java.lang.NullPointerException
at com.epam.atl2019cw10.testNG.SumDoubleTypesTest.sumDoubleTest(SumDoubleTypesTest.java:10)
at com.epam.atl2019cw10.Runner.main(Runner.java:21)
... Removed 23 stack frames]]>
    </failure>
  </testcase> <!-- sumDoubleTest -->
  <testcase classname="com.epam.atl2019cw10.testNG.SumDoubleTypesTest" name="sumDoubleTest" time="0.0">
    <failure type="java.lang.NullPointerException">
      <![CDATA[java.lang.NullPointerException
at com.epam.atl2019cw10.testNG.SumDoubleTypesTest.sumDoubleTest(SumDoubleTypesTest.java:10)
at com.epam.atl2019cw10.Runner.main(Runner.java:21)
... Removed 23 stack frames]]>
    </failure>
  </testcase> <!-- sumDoubleTest -->
  <testcase classname="com.epam.atl2019cw10.testNG.SumDoubleTypesTest" name="sumDoubleTest" time="0.001">
    <failure type="java.lang.NullPointerException">
      <![CDATA[java.lang.NullPointerException
at com.epam.atl2019cw10.testNG.SumDoubleTypesTest.sumDoubleTest(SumDoubleTypesTest.java:10)
at com.epam.atl2019cw10.Runner.main(Runner.java:21)
... Removed 23 stack frames]]>
    </failure>
  </testcase> <!-- sumDoubleTest -->
  <testcase classname="com.epam.atl2019cw10.testNG.SumDoubleTypesTest" name="sumDoubleTest" time="0.0">
    <failure type="java.lang.NullPointerException">
      <![CDATA[java.lang.NullPointerException
at com.epam.atl2019cw10.testNG.SumDoubleTypesTest.sumDoubleTest(SumDoubleTypesTest.java:10)
at com.epam.atl2019cw10.Runner.main(Runner.java:21)
... Removed 23 stack frames]]>
    </failure>
  </testcase> <!-- sumDoubleTest -->
  <testcase classname="com.epam.atl2019cw10.testNG.SumDoubleTypesTest" name="sumDoubleTest" time="0.0">
    <failure type="java.lang.NullPointerException">
      <![CDATA[java.lang.NullPointerException
at com.epam.atl2019cw10.testNG.SumDoubleTypesTest.sumDoubleTest(SumDoubleTypesTest.java:10)
at com.epam.atl2019cw10.Runner.main(Runner.java:21)
... Removed 23 stack frames]]>
    </failure>
  </testcase> <!-- sumDoubleTest -->
  <testcase classname="com.epam.atl2019cw10.testNG.SumDoubleTypesTest" name="sumDoubleTest" time="0.001">
    <failure type="java.lang.NullPointerException">
      <![CDATA[java.lang.NullPointerException
at com.epam.atl2019cw10.testNG.SumDoubleTypesTest.sumDoubleTest(SumDoubleTypesTest.java:10)
at com.epam.atl2019cw10.Runner.main(Runner.java:21)
... Removed 23 stack frames]]>
    </failure>
  </testcase> <!-- sumDoubleTest -->
  <testcase classname="com.epam.atl2019cw10.testNG.SumDoubleTypesTest" name="sumDoubleTest" time="0.0">
    <failure type="java.lang.NullPointerException">
      <![CDATA[java.lang.NullPointerException
at com.epam.atl2019cw10.testNG.SumDoubleTypesTest.sumDoubleTest(SumDoubleTypesTest.java:10)
at com.epam.atl2019cw10.Runner.main(Runner.java:21)
... Removed 22 stack frames]]>
    </failure>
  </testcase> <!-- sumDoubleTest -->
  <testcase classname="com.epam.atl2019cw10.testNG.SumDoubleTypesTest" name="sumDoubleTest" time="0.0">
    <failure type="java.lang.NullPointerException">
      <![CDATA[java.lang.NullPointerException
at com.epam.atl2019cw10.testNG.SumDoubleTypesTest.sumDoubleTest(SumDoubleTypesTest.java:10)
at com.epam.atl2019cw10.Runner.main(Runner.java:21)
... Removed 22 stack frames]]>
    </failure>
  </testcase> <!-- sumDoubleTest -->
  <testcase classname="com.epam.atl2019cw10.testNG.SumDoubleTypesTest" name="sumDoubleTest" time="0.0">
    <failure type="java.lang.NullPointerException">
      <![CDATA[java.lang.NullPointerException
at com.epam.atl2019cw10.testNG.SumDoubleTypesTest.sumDoubleTest(SumDoubleTypesTest.java:10)
at com.epam.atl2019cw10.Runner.main(Runner.java:21)
... Removed 22 stack frames]]>
    </failure>
  </testcase> <!-- sumDoubleTest -->
  <testcase classname="com.epam.atl2019cw10.testNG.SumDoubleTypesTest" name="sumDoubleTest" time="0.0">
    <failure type="java.lang.NullPointerException">
      <![CDATA[java.lang.NullPointerException
at com.epam.atl2019cw10.testNG.SumDoubleTypesTest.sumDoubleTest(SumDoubleTypesTest.java:10)
at com.epam.atl2019cw10.Runner.main(Runner.java:21)
... Removed 22 stack frames]]>
    </failure>
  </testcase> <!-- sumDoubleTest -->
  <testcase classname="com.epam.atl2019cw10.testNG.SumDoubleTypesTest" name="sumDoubleTest" time="0.0">
    <failure type="java.lang.NullPointerException">
      <![CDATA[java.lang.NullPointerException
at com.epam.atl2019cw10.testNG.SumDoubleTypesTest.sumDoubleTest(SumDoubleTypesTest.java:10)
at com.epam.atl2019cw10.Runner.main(Runner.java:21)
... Removed 22 stack frames]]>
    </failure>
  </testcase> <!-- sumDoubleTest -->
  <testcase classname="com.epam.atl2019cw10.testNG.SumDoubleTypesTest" name="sumDoubleTest" time="0.0">
    <failure type="java.lang.NullPointerException">
      <![CDATA[java.lang.NullPointerException
at com.epam.atl2019cw10.testNG.SumDoubleTypesTest.sumDoubleTest(SumDoubleTypesTest.java:10)
at com.epam.atl2019cw10.Runner.main(Runner.java:21)
... Removed 22 stack frames]]>
    </failure>
  </testcase> <!-- sumDoubleTest -->
  <testcase classname="com.epam.atl2019cw10.testNG.SumDoubleTypesTest" name="sumDoubleTest" time="0.0">
    <failure type="java.lang.NullPointerException">
      <![CDATA[java.lang.NullPointerException
at com.epam.atl2019cw10.testNG.SumDoubleTypesTest.sumDoubleTest(SumDoubleTypesTest.java:10)
at com.epam.atl2019cw10.Runner.main(Runner.java:21)
... Removed 22 stack frames]]>
    </failure>
  </testcase> <!-- sumDoubleTest -->
  <testcase classname="com.epam.atl2019cw10.testNG.SumDoubleTypesTest" name="sumDoubleTest" time="0.0">
    <failure type="java.lang.NullPointerException">
      <![CDATA[java.lang.NullPointerException
at com.epam.atl2019cw10.testNG.SumDoubleTypesTest.sumDoubleTest(SumDoubleTypesTest.java:10)
at com.epam.atl2019cw10.Runner.main(Runner.java:21)
... Removed 22 stack frames]]>
    </failure>
  </testcase> <!-- sumDoubleTest -->
  <testcase classname="com.epam.atl2019cw10.testNG.SumDoubleTypesTest" name="sumDoubleTest" time="0.0">
    <failure type="java.lang.NullPointerException">
      <![CDATA[java.lang.NullPointerException
at com.epam.atl2019cw10.testNG.SumDoubleTypesTest.sumDoubleTest(SumDoubleTypesTest.java:10)
at com.epam.atl2019cw10.Runner.main(Runner.java:21)
... Removed 22 stack frames]]>
    </failure>
  </testcase> <!-- sumDoubleTest -->
  <testcase classname="com.epam.atl2019cw10.testNG.SumDoubleTypesTest" name="sumDoubleTest" time="0.0">
    <failure type="java.lang.NullPointerException">
      <![CDATA[java.lang.NullPointerException
at com.epam.atl2019cw10.testNG.SumDoubleTypesTest.sumDoubleTest(SumDoubleTypesTest.java:10)
at com.epam.atl2019cw10.Runner.main(Runner.java:21)
... Removed 22 stack frames]]>
    </failure>
  </testcase> <!-- sumDoubleTest -->
  <testcase classname="com.epam.atl2019cw10.testNG.SumDoubleTypesTest" name="sumDoubleTest" time="0.0">
    <failure type="java.lang.NullPointerException">
      <![CDATA[java.lang.NullPointerException
at com.epam.atl2019cw10.testNG.SumDoubleTypesTest.sumDoubleTest(SumDoubleTypesTest.java:10)
at com.epam.atl2019cw10.Runner.main(Runner.java:21)
... Removed 22 stack frames]]>
    </failure>
  </testcase> <!-- sumDoubleTest -->
  <testcase classname="com.epam.atl2019cw10.testNG.SumDoubleTypesTest" name="sumDoubleTest" time="0.0">
    <failure type="java.lang.NullPointerException">
      <![CDATA[java.lang.NullPointerException
at com.epam.atl2019cw10.testNG.SumDoubleTypesTest.sumDoubleTest(SumDoubleTypesTest.java:10)
at com.epam.atl2019cw10.Runner.main(Runner.java:21)
... Removed 22 stack frames]]>
    </failure>
  </testcase> <!-- sumDoubleTest -->
  <testcase classname="com.epam.atl2019cw10.testNG.SumDoubleTypesTest" name="sumDoubleTest" time="0.0">
    <failure type="java.lang.NullPointerException">
      <![CDATA[java.lang.NullPointerException
at com.epam.atl2019cw10.testNG.SumDoubleTypesTest.sumDoubleTest(SumDoubleTypesTest.java:10)
at com.epam.atl2019cw10.Runner.main(Runner.java:21)
... Removed 22 stack frames]]>
    </failure>
  </testcase> <!-- sumDoubleTest -->
  <testcase classname="com.epam.atl2019cw10.testNG.SumDoubleTypesTest" name="sumDoubleTest" time="0.0">
    <failure type="java.lang.NullPointerException">
      <![CDATA[java.lang.NullPointerException
at com.epam.atl2019cw10.testNG.SumDoubleTypesTest.sumDoubleTest(SumDoubleTypesTest.java:10)
at com.epam.atl2019cw10.Runner.main(Runner.java:21)
... Removed 22 stack frames]]>
    </failure>
  </testcase> <!-- sumDoubleTest -->
  <testcase classname="com.epam.atl2019cw10.testNG.SumDoubleTypesTest" name="sumDoubleTest" time="0.0">
    <failure type="java.lang.NullPointerException">
      <![CDATA[java.lang.NullPointerException
at com.epam.atl2019cw10.testNG.SumDoubleTypesTest.sumDoubleTest(SumDoubleTypesTest.java:10)
at com.epam.atl2019cw10.Runner.main(Runner.java:21)
... Removed 22 stack frames]]>
    </failure>
  </testcase> <!-- sumDoubleTest -->
  <testcase classname="com.epam.atl2019cw10.testNG.SumLongTypesTest" name="sumLongTest" time="0.0">
    <failure type="java.lang.NullPointerException">
      <![CDATA[java.lang.NullPointerException
at com.epam.atl2019cw10.testNG.SumLongTypesTest.sumLongTest(SumLongTypesTest.java:10)
at com.epam.atl2019cw10.Runner.main(Runner.java:21)
... Removed 23 stack frames]]>
    </failure>
  </testcase> <!-- sumLongTest -->
  <testcase classname="com.epam.atl2019cw10.testNG.SumLongTypesTest" name="sumLongTest" time="0.001">
    <failure type="java.lang.NullPointerException">
      <![CDATA[java.lang.NullPointerException
at com.epam.atl2019cw10.testNG.SumLongTypesTest.sumLongTest(SumLongTypesTest.java:10)
at com.epam.atl2019cw10.Runner.main(Runner.java:21)
... Removed 23 stack frames]]>
    </failure>
  </testcase> <!-- sumLongTest -->
  <testcase classname="com.epam.atl2019cw10.testNG.SumLongTypesTest" name="sumLongTest" time="0.0">
    <failure type="java.lang.NullPointerException">
      <![CDATA[java.lang.NullPointerException
at com.epam.atl2019cw10.testNG.SumLongTypesTest.sumLongTest(SumLongTypesTest.java:10)
at com.epam.atl2019cw10.Runner.main(Runner.java:21)
... Removed 23 stack frames]]>
    </failure>
  </testcase> <!-- sumLongTest -->
  <testcase classname="com.epam.atl2019cw10.testNG.SumLongTypesTest" name="sumLongTest" time="0.0">
    <failure type="java.lang.NullPointerException">
      <![CDATA[java.lang.NullPointerException
at com.epam.atl2019cw10.testNG.SumLongTypesTest.sumLongTest(SumLongTypesTest.java:10)
at com.epam.atl2019cw10.Runner.main(Runner.java:21)
... Removed 23 stack frames]]>
    </failure>
  </testcase> <!-- sumLongTest -->
  <testcase classname="com.epam.atl2019cw10.testNG.SumLongTypesTest" name="sumLongTest" time="0.0">
    <failure type="java.lang.NullPointerException">
      <![CDATA[java.lang.NullPointerException
at com.epam.atl2019cw10.testNG.SumLongTypesTest.sumLongTest(SumLongTypesTest.java:10)
at com.epam.atl2019cw10.Runner.main(Runner.java:21)
... Removed 23 stack frames]]>
    </failure>
  </testcase> <!-- sumLongTest -->
  <testcase classname="com.epam.atl2019cw10.testNG.SumLongTypesTest" name="sumLongTest" time="0.0">
    <failure type="java.lang.NullPointerException">
      <![CDATA[java.lang.NullPointerException
at com.epam.atl2019cw10.testNG.SumLongTypesTest.sumLongTest(SumLongTypesTest.java:10)
at com.epam.atl2019cw10.Runner.main(Runner.java:21)
... Removed 23 stack frames]]>
    </failure>
  </testcase> <!-- sumLongTest -->
  <testcase classname="com.epam.atl2019cw10.testNG.SumLongTypesTest" name="sumLongTest" time="0.0">
    <failure type="java.lang.NullPointerException">
      <![CDATA[java.lang.NullPointerException
at com.epam.atl2019cw10.testNG.SumLongTypesTest.sumLongTest(SumLongTypesTest.java:10)
at com.epam.atl2019cw10.Runner.main(Runner.java:21)
... Removed 23 stack frames]]>
    </failure>
  </testcase> <!-- sumLongTest -->
  <testcase classname="com.epam.atl2019cw10.testNG.SumLongTypesTest" name="sumLongTest" time="0.001">
    <failure type="java.lang.NullPointerException">
      <![CDATA[java.lang.NullPointerException
at com.epam.atl2019cw10.testNG.SumLongTypesTest.sumLongTest(SumLongTypesTest.java:10)
at com.epam.atl2019cw10.Runner.main(Runner.java:21)
... Removed 23 stack frames]]>
    </failure>
  </testcase> <!-- sumLongTest -->
  <testcase classname="com.epam.atl2019cw10.testNG.SumLongTypesTest" name="sumLongTest" time="0.0">
    <failure type="java.lang.NullPointerException">
      <![CDATA[java.lang.NullPointerException
at com.epam.atl2019cw10.testNG.SumLongTypesTest.sumLongTest(SumLongTypesTest.java:10)
at com.epam.atl2019cw10.Runner.main(Runner.java:21)
... Removed 23 stack frames]]>
    </failure>
  </testcase> <!-- sumLongTest -->
  <testcase classname="com.epam.atl2019cw10.testNG.SumLongTypesTest" name="sumLongTest" time="0.0">
    <failure type="java.lang.NullPointerException">
      <![CDATA[java.lang.NullPointerException
at com.epam.atl2019cw10.testNG.SumLongTypesTest.sumLongTest(SumLongTypesTest.java:10)
at com.epam.atl2019cw10.Runner.main(Runner.java:21)
... Removed 23 stack frames]]>
    </failure>
  </testcase> <!-- sumLongTest -->
  <testcase classname="com.epam.atl2019cw10.testNG.SumLongTypesTest" name="sumLongTest" time="0.0">
    <failure type="java.lang.NullPointerException">
      <![CDATA[java.lang.NullPointerException
at com.epam.atl2019cw10.testNG.SumLongTypesTest.sumLongTest(SumLongTypesTest.java:10)
at com.epam.atl2019cw10.Runner.main(Runner.java:21)
... Removed 23 stack frames]]>
    </failure>
  </testcase> <!-- sumLongTest -->
  <testcase classname="com.epam.atl2019cw10.testNG.SumLongTypesTest" name="sumLongTest" time="0.0">
    <failure type="java.lang.NullPointerException">
      <![CDATA[java.lang.NullPointerException
at com.epam.atl2019cw10.testNG.SumLongTypesTest.sumLongTest(SumLongTypesTest.java:10)
at com.epam.atl2019cw10.Runner.main(Runner.java:21)
... Removed 23 stack frames]]>
    </failure>
  </testcase> <!-- sumLongTest -->
  <testcase classname="com.epam.atl2019cw10.testNG.SumLongTypesTest" name="sumLongTest" time="0.0">
    <failure type="java.lang.NullPointerException">
      <![CDATA[java.lang.NullPointerException
at com.epam.atl2019cw10.testNG.SumLongTypesTest.sumLongTest(SumLongTypesTest.java:10)
at com.epam.atl2019cw10.Runner.main(Runner.java:21)
... Removed 23 stack frames]]>
    </failure>
  </testcase> <!-- sumLongTest -->
  <testcase classname="com.epam.atl2019cw10.testNG.SumLongTypesTest" name="sumLongTest" time="0.0">
    <failure type="java.lang.NullPointerException">
      <![CDATA[java.lang.NullPointerException
at com.epam.atl2019cw10.testNG.SumLongTypesTest.sumLongTest(SumLongTypesTest.java:10)
at com.epam.atl2019cw10.Runner.main(Runner.java:21)
... Removed 23 stack frames]]>
    </failure>
  </testcase> <!-- sumLongTest -->
  <testcase classname="com.epam.atl2019cw10.testNG.SumLongTypesTest" name="sumLongTest" time="0.0">
    <failure type="java.lang.NullPointerException">
      <![CDATA[java.lang.NullPointerException
at com.epam.atl2019cw10.testNG.SumLongTypesTest.sumLongTest(SumLongTypesTest.java:10)
at com.epam.atl2019cw10.Runner.main(Runner.java:21)
... Removed 23 stack frames]]>
    </failure>
  </testcase> <!-- sumLongTest -->
</testsuite> <!-- General -->
