<?xml version="1.0" encoding="UTF-8"?>
<!-- Generated by org.testng.reporters.JUnitXMLReporter -->
<testsuite ignored="0" hostname="EPBYMINW7572" failures="0" tests="16" name="Logical" time="0.139" errors="0" timestamp="2019-04-09T17:15:43 MSK">
  <testcase classname="com.epam.atl2019cw10.testNG.IsNegativeLongTest" name="isNegativeLongTest" time="0.004"/>
  <testcase classname="com.epam.atl2019cw10.testNG.IsNegativeLongTest" name="isNegativeLongTest" time="0.0"/>
  <testcase classname="com.epam.atl2019cw10.testNG.IsNegativeLongTest" name="isNegativeLongTest" time="0.0"/>
  <testcase classname="com.epam.atl2019cw10.testNG.IsNegativeLongTest" name="isNegativeLongTest" time="0.0"/>
  <testcase classname="com.epam.atl2019cw10.testNG.IsNegativeLongTest" name="isNegativeLongTest" time="0.0"/>
  <testcase classname="com.epam.atl2019cw10.testNG.IsNegativeLongTest" name="isNegativeLongTest" time="0.0"/>
  <testcase classname="com.epam.atl2019cw10.testNG.IsNegativeLongTest" name="isNegativeLongTest" time="0.0"/>
  <testcase classname="com.epam.atl2019cw10.testNG.IsNegativeLongTest" name="isNegativeLongTest" time="0.0"/>
  <testcase classname="com.epam.atl2019cw10.testNG.IsPositiveLongTest" name="isPositiveLongTest" time="0.001"/>
  <testcase classname="com.epam.atl2019cw10.testNG.IsPositiveLongTest" name="isPositiveLongTest" time="0.0"/>
  <testcase classname="com.epam.atl2019cw10.testNG.IsPositiveLongTest" name="isPositiveLongTest" time="0.0"/>
  <testcase classname="com.epam.atl2019cw10.testNG.IsPositiveLongTest" name="isPositiveLongTest" time="0.0"/>
  <testcase classname="com.epam.atl2019cw10.testNG.IsPositiveLongTest" name="isPositiveLongTest" time="0.0"/>
  <testcase classname="com.epam.atl2019cw10.testNG.IsPositiveLongTest" name="isPositiveLongTest" time="0.001"/>
  <testcase classname="com.epam.atl2019cw10.testNG.IsPositiveLongTest" name="isPositiveLongTest" time="0.0"/>
  <testcase classname="com.epam.atl2019cw10.testNG.IsPositiveLongTest" name="isPositiveLongTest" time="0.0"/>
</testsuite> <!-- Logical -->
