<?xml version="1.0" encoding="UTF-8"?>
<testng-results ignored="0" total="16" passed="16" failed="0" skipped="0">
  <reporter-output>
  </reporter-output>
  <suite started-at="2019-04-09T17:15:43 MSK" name="Default Suite" finished-at="2019-04-09T17:15:43 MSK" duration-ms="0">
    <groups>
    </groups>
  </suite> <!-- Default Suite -->
  <suite started-at="2019-04-09T17:15:42 MSK" name="mainSuite" finished-at="2019-04-09T17:15:43 MSK" duration-ms="139">
    <groups>
      <group name="logic">
        <method signature="IsNegativeLongTest.isNegativeLongTest(long)[pri:0, instance:com.epam.atl2019cw10.testNG.IsNegativeLongTest@223f3642]" name="isNegativeLongTest" class="com.epam.atl2019cw10.testNG.IsNegativeLongTest"/>
        <method signature="IsPositiveLongTest.isPositiveLongTest(long)[pri:0, instance:com.epam.atl2019cw10.testNG.IsPositiveLongTest@38c5cc4c]" name="isPositiveLongTest" class="com.epam.atl2019cw10.testNG.IsPositiveLongTest"/>
      </group> <!-- logic -->
    </groups>
    <test started-at="2019-04-09T17:15:42 MSK" name="Logical" finished-at="2019-04-09T17:15:43 MSK" duration-ms="139">
      <class name="com.epam.atl2019cw10.testNG.IsPositiveLongTest">
        <test-method signature="isPositiveLongTest(long)[pri:0, instance:com.epam.atl2019cw10.testNG.IsPositiveLongTest@38c5cc4c]" started-at="2019-04-09T17:15:43 MSK" name="isPositiveLongTest" data-provider="longTypeValueLocal" finished-at="2019-04-09T17:15:43 MSK" duration-ms="1" status="PASS">
          <params>
            <param index="0">
              <value>
                <![CDATA[1]]>
              </value>
            </param>
          </params>
          <reporter-output>
          </reporter-output>
        </test-method> <!-- isPositiveLongTest -->
        <test-method signature="isPositiveLongTest(long)[pri:0, instance:com.epam.atl2019cw10.testNG.IsPositiveLongTest@38c5cc4c]" started-at="2019-04-09T17:15:43 MSK" name="isPositiveLongTest" data-provider="longTypeValueLocal" finished-at="2019-04-09T17:15:43 MSK" duration-ms="0" status="PASS">
          <params>
            <param index="0">
              <value>
                <![CDATA[-1]]>
              </value>
            </param>
          </params>
          <reporter-output>
          </reporter-output>
        </test-method> <!-- isPositiveLongTest -->
        <test-method signature="isPositiveLongTest(long)[pri:0, instance:com.epam.atl2019cw10.testNG.IsPositiveLongTest@38c5cc4c]" started-at="2019-04-09T17:15:43 MSK" name="isPositiveLongTest" data-provider="longTypeValueLocal" finished-at="2019-04-09T17:15:43 MSK" duration-ms="0" status="PASS">
          <params>
            <param index="0">
              <value>
                <![CDATA[-19224]]>
              </value>
            </param>
          </params>
          <reporter-output>
          </reporter-output>
        </test-method> <!-- isPositiveLongTest -->
        <test-method signature="isPositiveLongTest(long)[pri:0, instance:com.epam.atl2019cw10.testNG.IsPositiveLongTest@38c5cc4c]" started-at="2019-04-09T17:15:43 MSK" name="isPositiveLongTest" data-provider="longTypeValueLocal" finished-at="2019-04-09T17:15:43 MSK" duration-ms="0" status="PASS">
          <params>
            <param index="0">
              <value>
                <![CDATA[150265]]>
              </value>
            </param>
          </params>
          <reporter-output>
          </reporter-output>
        </test-method> <!-- isPositiveLongTest -->
        <test-method signature="isPositiveLongTest(long)[pri:0, instance:com.epam.atl2019cw10.testNG.IsPositiveLongTest@38c5cc4c]" started-at="2019-04-09T17:15:43 MSK" name="isPositiveLongTest" data-provider="longTypeValueLocal" finished-at="2019-04-09T17:15:43 MSK" duration-ms="0" status="PASS">
          <params>
            <param index="0">
              <value>
                <![CDATA[0]]>
              </value>
            </param>
          </params>
          <reporter-output>
          </reporter-output>
        </test-method> <!-- isPositiveLongTest -->
        <test-method signature="isPositiveLongTest(long)[pri:0, instance:com.epam.atl2019cw10.testNG.IsPositiveLongTest@38c5cc4c]" started-at="2019-04-09T17:15:43 MSK" name="isPositiveLongTest" data-provider="longTypeValueLocal" finished-at="2019-04-09T17:15:43 MSK" duration-ms="1" status="PASS">
          <params>
            <param index="0">
              <value>
                <![CDATA[0]]>
              </value>
            </param>
          </params>
          <reporter-output>
          </reporter-output>
        </test-method> <!-- isPositiveLongTest -->
        <test-method signature="isPositiveLongTest(long)[pri:0, instance:com.epam.atl2019cw10.testNG.IsPositiveLongTest@38c5cc4c]" started-at="2019-04-09T17:15:43 MSK" name="isPositiveLongTest" data-provider="longTypeValueLocal" finished-at="2019-04-09T17:15:43 MSK" duration-ms="0" status="PASS">
          <params>
            <param index="0">
              <value>
                <![CDATA[9223372036854775807]]>
              </value>
            </param>
          </params>
          <reporter-output>
          </reporter-output>
        </test-method> <!-- isPositiveLongTest -->
        <test-method signature="isPositiveLongTest(long)[pri:0, instance:com.epam.atl2019cw10.testNG.IsPositiveLongTest@38c5cc4c]" started-at="2019-04-09T17:15:43 MSK" name="isPositiveLongTest" data-provider="longTypeValueLocal" finished-at="2019-04-09T17:15:43 MSK" duration-ms="0" status="PASS">
          <params>
            <param index="0">
              <value>
                <![CDATA[-9223372036854775808]]>
              </value>
            </param>
          </params>
          <reporter-output>
          </reporter-output>
        </test-method> <!-- isPositiveLongTest -->
      </class> <!-- com.epam.atl2019cw10.testNG.IsPositiveLongTest -->
      <class name="com.epam.atl2019cw10.testNG.IsNegativeLongTest">
        <test-method is-config="true" signature="setUp()[pri:0, instance:com.epam.atl2019cw10.testNG.IsNegativeLongTest@223f3642]" started-at="2019-04-09T17:15:42 MSK" name="setUp" finished-at="2019-04-09T17:15:43 MSK" duration-ms="50" status="PASS">
          <reporter-output>
          </reporter-output>
        </test-method> <!-- setUp -->
        <test-method signature="isNegativeLongTest(long)[pri:0, instance:com.epam.atl2019cw10.testNG.IsNegativeLongTest@223f3642]" started-at="2019-04-09T17:15:43 MSK" name="isNegativeLongTest" data-provider="longTypeValue" finished-at="2019-04-09T17:15:43 MSK" duration-ms="4" status="PASS">
          <params>
            <param index="0">
              <value>
                <![CDATA[1]]>
              </value>
            </param>
          </params>
          <reporter-output>
          </reporter-output>
        </test-method> <!-- isNegativeLongTest -->
        <test-method signature="isNegativeLongTest(long)[pri:0, instance:com.epam.atl2019cw10.testNG.IsNegativeLongTest@223f3642]" started-at="2019-04-09T17:15:43 MSK" name="isNegativeLongTest" data-provider="longTypeValue" finished-at="2019-04-09T17:15:43 MSK" duration-ms="0" status="PASS">
          <params>
            <param index="0">
              <value>
                <![CDATA[-19224]]>
              </value>
            </param>
          </params>
          <reporter-output>
          </reporter-output>
        </test-method> <!-- isNegativeLongTest -->
        <test-method signature="isNegativeLongTest(long)[pri:0, instance:com.epam.atl2019cw10.testNG.IsNegativeLongTest@223f3642]" started-at="2019-04-09T17:15:43 MSK" name="isNegativeLongTest" data-provider="longTypeValue" finished-at="2019-04-09T17:15:43 MSK" duration-ms="0" status="PASS">
          <params>
            <param index="0">
              <value>
                <![CDATA[-1]]>
              </value>
            </param>
          </params>
          <reporter-output>
          </reporter-output>
        </test-method> <!-- isNegativeLongTest -->
        <test-method signature="isNegativeLongTest(long)[pri:0, instance:com.epam.atl2019cw10.testNG.IsNegativeLongTest@223f3642]" started-at="2019-04-09T17:15:43 MSK" name="isNegativeLongTest" data-provider="longTypeValue" finished-at="2019-04-09T17:15:43 MSK" duration-ms="0" status="PASS">
          <params>
            <param index="0">
              <value>
                <![CDATA[150265]]>
              </value>
            </param>
          </params>
          <reporter-output>
          </reporter-output>
        </test-method> <!-- isNegativeLongTest -->
        <test-method signature="isNegativeLongTest(long)[pri:0, instance:com.epam.atl2019cw10.testNG.IsNegativeLongTest@223f3642]" started-at="2019-04-09T17:15:43 MSK" name="isNegativeLongTest" data-provider="longTypeValue" finished-at="2019-04-09T17:15:43 MSK" duration-ms="0" status="PASS">
          <params>
            <param index="0">
              <value>
                <![CDATA[0]]>
              </value>
            </param>
          </params>
          <reporter-output>
          </reporter-output>
        </test-method> <!-- isNegativeLongTest -->
        <test-method signature="isNegativeLongTest(long)[pri:0, instance:com.epam.atl2019cw10.testNG.IsNegativeLongTest@223f3642]" started-at="2019-04-09T17:15:43 MSK" name="isNegativeLongTest" data-provider="longTypeValue" finished-at="2019-04-09T17:15:43 MSK" duration-ms="0" status="PASS">
          <params>
            <param index="0">
              <value>
                <![CDATA[0]]>
              </value>
            </param>
          </params>
          <reporter-output>
          </reporter-output>
        </test-method> <!-- isNegativeLongTest -->
        <test-method signature="isNegativeLongTest(long)[pri:0, instance:com.epam.atl2019cw10.testNG.IsNegativeLongTest@223f3642]" started-at="2019-04-09T17:15:43 MSK" name="isNegativeLongTest" data-provider="longTypeValue" finished-at="2019-04-09T17:15:43 MSK" duration-ms="0" status="PASS">
          <params>
            <param index="0">
              <value>
                <![CDATA[9223372036854775807]]>
              </value>
            </param>
          </params>
          <reporter-output>
          </reporter-output>
        </test-method> <!-- isNegativeLongTest -->
        <test-method signature="isNegativeLongTest(long)[pri:0, instance:com.epam.atl2019cw10.testNG.IsNegativeLongTest@223f3642]" started-at="2019-04-09T17:15:43 MSK" name="isNegativeLongTest" data-provider="longTypeValue" finished-at="2019-04-09T17:15:43 MSK" duration-ms="0" status="PASS">
          <params>
            <param index="0">
              <value>
                <![CDATA[-9223372036854775808]]>
              </value>
            </param>
          </params>
          <reporter-output>
          </reporter-output>
        </test-method> <!-- isNegativeLongTest -->
        <test-method is-config="true" signature="tearDown()[pri:0, instance:com.epam.atl2019cw10.testNG.IsNegativeLongTest@223f3642]" started-at="2019-04-09T17:15:43 MSK" name="tearDown" finished-at="2019-04-09T17:15:43 MSK" duration-ms="1" status="PASS">
          <reporter-output>
          </reporter-output>
        </test-method> <!-- tearDown -->
      </class> <!-- com.epam.atl2019cw10.testNG.IsNegativeLongTest -->
    </test> <!-- Logical -->
  </suite> <!-- mainSuite -->
</testng-results>
